[2021-12-08 22:42:31]/-/[INFO ]/-/[org.hibernate.annotations.common.Version]/-/[HCANN000001: Hibernate Commons Annotations {4.0.4.Final}]
[2021-12-08 22:42:31]/-/[INFO ]/-/[org.hibernate.Version]/-/[HHH000412: Hibernate Core {4.3.1.Final}]
[2021-12-08 22:42:31]/-/[INFO ]/-/[org.hibernate.cfg.Environment]/-/[HHH000206: hibernate.properties not found]
[2021-12-08 22:42:31]/-/[INFO ]/-/[org.hibernate.cfg.Environment]/-/[HHH000021: Bytecode provider name : javassist]
[2021-12-08 22:42:31]/-/[INFO ]/-/[org.hibernate.cfg.Configuration]/-/[HHH000043: Configuring from resource: /hibernate.cfg.xml]
[2021-12-08 22:42:31]/-/[INFO ]/-/[org.hibernate.cfg.Configuration]/-/[HHH000040: Configuration resource: /hibernate.cfg.xml]
[2021-12-08 22:42:31]/-/[INFO ]/-/[org.hibernate.cfg.Configuration]/-/[HHH000041: Configured SessionFactory: null]
[2021-12-08 22:42:31]/-/[INFO ]/-/[org.hibernate.engine.jdbc.connections.internal.DriverManagerConnectionProviderImpl]/-/[HHH000401: using driver [org.postgresql.Driver] at URL [jdbc:postgresql://localhost:5432/sync]]
[2021-12-08 22:42:31]/-/[INFO ]/-/[org.hibernate.engine.jdbc.connections.internal.DriverManagerConnectionProviderImpl]/-/[HHH000046: Connection properties: {user=postgres, password=****}]
[2021-12-08 22:42:31]/-/[INFO ]/-/[org.hibernate.engine.jdbc.connections.internal.DriverManagerConnectionProviderImpl]/-/[HHH000006: Autocommit mode: false]
[2021-12-08 22:42:31]/-/[INFO ]/-/[org.hibernate.engine.jdbc.connections.internal.DriverManagerConnectionProviderImpl]/-/[HHH000115: Hibernate connection pool size: 20 (min=1)]
[2021-12-08 22:42:31]/-/[INFO ]/-/[org.hibernate.dialect.Dialect]/-/[HHH000400: Using dialect: org.hibernate.dialect.PostgreSQLDialect]
[2021-12-08 22:42:31]/-/[INFO ]/-/[org.hibernate.engine.jdbc.internal.LobCreatorBuilder]/-/[HHH000424: Disabling contextual LOB creation as createClob() method threw error : java.lang.reflect.InvocationTargetException]
[2021-12-08 22:42:32]/-/[INFO ]/-/[org.hibernate.engine.transaction.internal.TransactionFactoryInitiator]/-/[HHH000399: Using default transaction strategy (direct JDBC transactions)]
[2021-12-08 22:42:32]/-/[INFO ]/-/[org.hibernate.hql.internal.ast.ASTQueryTranslatorFactory]/-/[HHH000397: Using ASTQueryTranslatorFactory]
[2021-12-08 22:42:52]/-/[INFO ]/-/[sync.View.TelaCadastroPais]/-/[carlo]/[Cadastro do pais "asdas" efetuado]
[2021-12-08 22:53:35]/-/[INFO ]/-/[org.hibernate.annotations.common.Version]/-/[HCANN000001: Hibernate Commons Annotations {4.0.4.Final}]
[2021-12-08 22:53:35]/-/[INFO ]/-/[org.hibernate.Version]/-/[HHH000412: Hibernate Core {4.3.1.Final}]
[2021-12-08 22:53:35]/-/[INFO ]/-/[org.hibernate.cfg.Environment]/-/[HHH000206: hibernate.properties not found]
[2021-12-08 22:53:35]/-/[INFO ]/-/[org.hibernate.cfg.Environment]/-/[HHH000021: Bytecode provider name : javassist]
[2021-12-08 22:53:35]/-/[INFO ]/-/[org.hibernate.cfg.Configuration]/-/[HHH000043: Configuring from resource: /hibernate.cfg.xml]
[2021-12-08 22:53:35]/-/[INFO ]/-/[org.hibernate.cfg.Configuration]/-/[HHH000040: Configuration resource: /hibernate.cfg.xml]
[2021-12-08 22:53:36]/-/[INFO ]/-/[org.hibernate.cfg.Configuration]/-/[HHH000041: Configured SessionFactory: null]
[2021-12-08 22:53:36]/-/[INFO ]/-/[org.hibernate.engine.jdbc.connections.internal.DriverManagerConnectionProviderImpl]/-/[HHH000401: using driver [org.postgresql.Driver] at URL [jdbc:postgresql://localhost:5432/sync?createDatabaseIfNotExist=true]]
[2021-12-08 22:53:36]/-/[INFO ]/-/[org.hibernate.engine.jdbc.connections.internal.DriverManagerConnectionProviderImpl]/-/[HHH000046: Connection properties: {user=postgres, password=****}]
[2021-12-08 22:53:36]/-/[INFO ]/-/[org.hibernate.engine.jdbc.connections.internal.DriverManagerConnectionProviderImpl]/-/[HHH000006: Autocommit mode: false]
[2021-12-08 22:53:36]/-/[INFO ]/-/[org.hibernate.engine.jdbc.connections.internal.DriverManagerConnectionProviderImpl]/-/[HHH000115: Hibernate connection pool size: 20 (min=1)]
[2021-12-08 22:53:36]/-/[INFO ]/-/[org.hibernate.dialect.Dialect]/-/[HHH000400: Using dialect: org.hibernate.dialect.PostgreSQLDialect]
[2021-12-08 22:53:36]/-/[INFO ]/-/[org.hibernate.engine.jdbc.internal.LobCreatorBuilder]/-/[HHH000424: Disabling contextual LOB creation as createClob() method threw error : java.lang.reflect.InvocationTargetException]
[2021-12-08 22:53:36]/-/[INFO ]/-/[org.hibernate.engine.transaction.internal.TransactionFactoryInitiator]/-/[HHH000399: Using default transaction strategy (direct JDBC transactions)]
[2021-12-08 22:53:36]/-/[INFO ]/-/[org.hibernate.hql.internal.ast.ASTQueryTranslatorFactory]/-/[HHH000397: Using ASTQueryTranslatorFactory]
