2021-09-28 20:03:47 INFO  org.hibernate.annotations.common.Version  - HCANN000001: Hibernate Commons Annotations {4.0.4.Final}
2021-09-28 20:03:47 INFO  org.hibernate.Version  - HHH000412: Hibernate Core {4.3.1.Final}
2021-09-28 20:03:47 INFO  org.hibernate.cfg.Environment  - HHH000206: hibernate.properties not found
2021-09-28 20:03:47 INFO  org.hibernate.cfg.Environment  - HHH000021: Bytecode provider name : javassist
2021-09-28 20:03:47 INFO  org.hibernate.cfg.Configuration  - HHH000043: Configuring from resource: /hibernate.cfg.xml
2021-09-28 20:03:47 INFO  org.hibernate.cfg.Configuration  - HHH000040: Configuration resource: /hibernate.cfg.xml
2021-09-28 20:03:47 WARN  org.hibernate.internal.util.xml.DTDEntityResolver  - HHH000223: Recognized obsolete hibernate namespace http://hibernate.sourceforge.net/. Use namespace http://www.hibernate.org/dtd/ instead. Refer to Hibernate 3.6 Migration Guide!
2021-09-28 20:03:47 INFO  org.hibernate.cfg.Configuration  - HHH000041: Configured SessionFactory: null
2021-09-28 20:03:47 WARN  org.hibernate.engine.jdbc.connections.internal.DriverManagerConnectionProviderImpl  - HHH000402: Using Hibernate built-in connection pool (not for production use!)
2021-09-28 20:03:47 INFO  org.hibernate.engine.jdbc.connections.internal.DriverManagerConnectionProviderImpl  - HHH000401: using driver [org.postgresql.Driver] at URL [jdbc:postgresql://localhost:5432/sync]
2021-09-28 20:03:47 INFO  org.hibernate.engine.jdbc.connections.internal.DriverManagerConnectionProviderImpl  - HHH000046: Connection properties: {user=postgres, password=****}
2021-09-28 20:03:47 INFO  org.hibernate.engine.jdbc.connections.internal.DriverManagerConnectionProviderImpl  - HHH000006: Autocommit mode: false
2021-09-28 20:03:47 INFO  org.hibernate.engine.jdbc.connections.internal.DriverManagerConnectionProviderImpl  - HHH000115: Hibernate connection pool size: 20 (min=1)
2021-09-28 20:03:48 INFO  org.hibernate.dialect.Dialect  - HHH000400: Using dialect: org.hibernate.dialect.PostgreSQLDialect
2021-09-28 20:03:48 INFO  org.hibernate.engine.jdbc.internal.LobCreatorBuilder  - HHH000424: Disabling contextual LOB creation as createClob() method threw error : java.lang.reflect.InvocationTargetException
2021-09-28 20:03:48 INFO  org.hibernate.engine.transaction.internal.TransactionFactoryInitiator  - HHH000399: Using default transaction strategy (direct JDBC transactions)
2021-09-28 20:03:48 INFO  org.hibernate.hql.internal.ast.ASTQueryTranslatorFactory  - HHH000397: Using ASTQueryTranslatorFactory
2021-09-29 23:41:36 INFO  org.hibernate.annotations.common.Version  - HCANN000001: Hibernate Commons Annotations {4.0.4.Final}
2021-09-29 23:41:36 INFO  org.hibernate.Version  - HHH000412: Hibernate Core {4.3.1.Final}
2021-09-29 23:41:36 INFO  org.hibernate.cfg.Environment  - HHH000206: hibernate.properties not found
2021-09-29 23:41:36 INFO  org.hibernate.cfg.Environment  - HHH000021: Bytecode provider name : javassist
2021-09-29 23:41:36 INFO  org.hibernate.cfg.Configuration  - HHH000043: Configuring from resource: /hibernate.cfg.xml
2021-09-29 23:41:36 INFO  org.hibernate.cfg.Configuration  - HHH000040: Configuration resource: /hibernate.cfg.xml
2021-09-29 23:41:36 WARN  org.hibernate.internal.util.xml.DTDEntityResolver  - HHH000223: Recognized obsolete hibernate namespace http://hibernate.sourceforge.net/. Use namespace http://www.hibernate.org/dtd/ instead. Refer to Hibernate 3.6 Migration Guide!
2021-09-29 23:41:36 INFO  org.hibernate.cfg.Configuration  - HHH000041: Configured SessionFactory: null
2021-09-29 23:41:36 WARN  org.hibernate.engine.jdbc.connections.internal.DriverManagerConnectionProviderImpl  - HHH000402: Using Hibernate built-in connection pool (not for production use!)
2021-09-29 23:41:36 INFO  org.hibernate.engine.jdbc.connections.internal.DriverManagerConnectionProviderImpl  - HHH000401: using driver [org.postgresql.Driver] at URL [jdbc:postgresql://localhost:5432/sync]
2021-09-29 23:41:36 INFO  org.hibernate.engine.jdbc.connections.internal.DriverManagerConnectionProviderImpl  - HHH000046: Connection properties: {user=postgres, password=****}
2021-09-29 23:41:36 INFO  org.hibernate.engine.jdbc.connections.internal.DriverManagerConnectionProviderImpl  - HHH000006: Autocommit mode: false
2021-09-29 23:41:36 INFO  org.hibernate.engine.jdbc.connections.internal.DriverManagerConnectionProviderImpl  - HHH000115: Hibernate connection pool size: 20 (min=1)
2021-09-29 23:41:36 INFO  org.hibernate.dialect.Dialect  - HHH000400: Using dialect: org.hibernate.dialect.PostgreSQLDialect
2021-09-29 23:41:36 INFO  org.hibernate.engine.jdbc.internal.LobCreatorBuilder  - HHH000424: Disabling contextual LOB creation as createClob() method threw error : java.lang.reflect.InvocationTargetException
2021-09-29 23:41:36 INFO  org.hibernate.engine.transaction.internal.TransactionFactoryInitiator  - HHH000399: Using default transaction strategy (direct JDBC transactions)
2021-09-29 23:41:37 INFO  org.hibernate.hql.internal.ast.ASTQueryTranslatorFactory  - HHH000397: Using ASTQueryTranslatorFactory
2021-09-29 23:45:40 INFO  org.hibernate.annotations.common.Version  - HCANN000001: Hibernate Commons Annotations {4.0.4.Final}
2021-09-29 23:45:40 INFO  org.hibernate.Version  - HHH000412: Hibernate Core {4.3.1.Final}
2021-09-29 23:45:40 INFO  org.hibernate.cfg.Environment  - HHH000206: hibernate.properties not found
2021-09-29 23:45:40 INFO  org.hibernate.cfg.Environment  - HHH000021: Bytecode provider name : javassist
2021-09-29 23:45:40 INFO  org.hibernate.cfg.Configuration  - HHH000043: Configuring from resource: /hibernate.cfg.xml
2021-09-29 23:45:40 INFO  org.hibernate.cfg.Configuration  - HHH000040: Configuration resource: /hibernate.cfg.xml
2021-09-29 23:45:40 WARN  org.hibernate.internal.util.xml.DTDEntityResolver  - HHH000223: Recognized obsolete hibernate namespace http://hibernate.sourceforge.net/. Use namespace http://www.hibernate.org/dtd/ instead. Refer to Hibernate 3.6 Migration Guide!
2021-09-29 23:45:40 INFO  org.hibernate.cfg.Configuration  - HHH000041: Configured SessionFactory: null
2021-09-29 23:45:40 WARN  org.hibernate.engine.jdbc.connections.internal.DriverManagerConnectionProviderImpl  - HHH000402: Using Hibernate built-in connection pool (not for production use!)
2021-09-29 23:45:40 INFO  org.hibernate.engine.jdbc.connections.internal.DriverManagerConnectionProviderImpl  - HHH000401: using driver [org.postgresql.Driver] at URL [jdbc:postgresql://localhost:5432/sync]
2021-09-29 23:45:40 INFO  org.hibernate.engine.jdbc.connections.internal.DriverManagerConnectionProviderImpl  - HHH000046: Connection properties: {user=postgres, password=****}
2021-09-29 23:45:40 INFO  org.hibernate.engine.jdbc.connections.internal.DriverManagerConnectionProviderImpl  - HHH000006: Autocommit mode: false
2021-09-29 23:45:40 INFO  org.hibernate.engine.jdbc.connections.internal.DriverManagerConnectionProviderImpl  - HHH000115: Hibernate connection pool size: 20 (min=1)
2021-09-29 23:45:40 INFO  org.hibernate.dialect.Dialect  - HHH000400: Using dialect: org.hibernate.dialect.PostgreSQLDialect
2021-09-29 23:45:40 INFO  org.hibernate.engine.jdbc.internal.LobCreatorBuilder  - HHH000424: Disabling contextual LOB creation as createClob() method threw error : java.lang.reflect.InvocationTargetException
2021-09-29 23:45:40 INFO  org.hibernate.engine.transaction.internal.TransactionFactoryInitiator  - HHH000399: Using default transaction strategy (direct JDBC transactions)
2021-09-29 23:45:40 INFO  org.hibernate.hql.internal.ast.ASTQueryTranslatorFactory  - HHH000397: Using ASTQueryTranslatorFactory
2021-09-30 11:10:49 INFO  org.hibernate.annotations.common.Version  - HCANN000001: Hibernate Commons Annotations {4.0.4.Final}
2021-09-30 11:10:49 INFO  org.hibernate.Version  - HHH000412: Hibernate Core {4.3.1.Final}
2021-09-30 11:10:49 INFO  org.hibernate.cfg.Environment  - HHH000206: hibernate.properties not found
2021-09-30 11:10:49 INFO  org.hibernate.cfg.Environment  - HHH000021: Bytecode provider name : javassist
2021-09-30 11:10:49 INFO  org.hibernate.cfg.Configuration  - HHH000043: Configuring from resource: /hibernate.cfg.xml
2021-09-30 11:10:49 INFO  org.hibernate.cfg.Configuration  - HHH000040: Configuration resource: /hibernate.cfg.xml
2021-09-30 11:10:49 WARN  org.hibernate.internal.util.xml.DTDEntityResolver  - HHH000223: Recognized obsolete hibernate namespace http://hibernate.sourceforge.net/. Use namespace http://www.hibernate.org/dtd/ instead. Refer to Hibernate 3.6 Migration Guide!
2021-09-30 11:10:50 INFO  org.hibernate.cfg.Configuration  - HHH000041: Configured SessionFactory: null
2021-09-30 11:10:50 WARN  org.hibernate.engine.jdbc.connections.internal.DriverManagerConnectionProviderImpl  - HHH000402: Using Hibernate built-in connection pool (not for production use!)
2021-09-30 11:10:50 INFO  org.hibernate.engine.jdbc.connections.internal.DriverManagerConnectionProviderImpl  - HHH000401: using driver [org.postgresql.Driver] at URL [jdbc:postgresql://localhost:5432/sync]
2021-09-30 11:10:50 INFO  org.hibernate.engine.jdbc.connections.internal.DriverManagerConnectionProviderImpl  - HHH000046: Connection properties: {user=postgres, password=****}
2021-09-30 11:10:50 INFO  org.hibernate.engine.jdbc.connections.internal.DriverManagerConnectionProviderImpl  - HHH000006: Autocommit mode: false
2021-09-30 11:10:50 INFO  org.hibernate.engine.jdbc.connections.internal.DriverManagerConnectionProviderImpl  - HHH000115: Hibernate connection pool size: 20 (min=1)
2021-09-30 11:10:50 INFO  org.hibernate.dialect.Dialect  - HHH000400: Using dialect: org.hibernate.dialect.PostgreSQLDialect
2021-09-30 11:10:50 INFO  org.hibernate.engine.jdbc.internal.LobCreatorBuilder  - HHH000424: Disabling contextual LOB creation as createClob() method threw error : java.lang.reflect.InvocationTargetException
2021-09-30 11:10:50 INFO  org.hibernate.engine.transaction.internal.TransactionFactoryInitiator  - HHH000399: Using default transaction strategy (direct JDBC transactions)
2021-09-30 11:10:50 INFO  org.hibernate.hql.internal.ast.ASTQueryTranslatorFactory  - HHH000397: Using ASTQueryTranslatorFactory
2021-09-30 11:12:02 INFO  org.hibernate.annotations.common.Version  - HCANN000001: Hibernate Commons Annotations {4.0.4.Final}
2021-09-30 11:12:02 INFO  org.hibernate.Version  - HHH000412: Hibernate Core {4.3.1.Final}
2021-09-30 11:12:02 INFO  org.hibernate.cfg.Environment  - HHH000206: hibernate.properties not found
2021-09-30 11:12:02 INFO  org.hibernate.cfg.Environment  - HHH000021: Bytecode provider name : javassist
2021-09-30 11:12:02 INFO  org.hibernate.cfg.Configuration  - HHH000043: Configuring from resource: /hibernate.cfg.xml
2021-09-30 11:12:02 INFO  org.hibernate.cfg.Configuration  - HHH000040: Configuration resource: /hibernate.cfg.xml
2021-09-30 11:12:02 WARN  org.hibernate.internal.util.xml.DTDEntityResolver  - HHH000223: Recognized obsolete hibernate namespace http://hibernate.sourceforge.net/. Use namespace http://www.hibernate.org/dtd/ instead. Refer to Hibernate 3.6 Migration Guide!
2021-09-30 11:12:02 INFO  org.hibernate.cfg.Configuration  - HHH000041: Configured SessionFactory: null
2021-09-30 11:12:02 WARN  org.hibernate.engine.jdbc.connections.internal.DriverManagerConnectionProviderImpl  - HHH000402: Using Hibernate built-in connection pool (not for production use!)
2021-09-30 11:12:02 INFO  org.hibernate.engine.jdbc.connections.internal.DriverManagerConnectionProviderImpl  - HHH000401: using driver [org.postgresql.Driver] at URL [jdbc:postgresql://localhost:5432/sync]
2021-09-30 11:12:02 INFO  org.hibernate.engine.jdbc.connections.internal.DriverManagerConnectionProviderImpl  - HHH000046: Connection properties: {user=postgres, password=****}
2021-09-30 11:12:02 INFO  org.hibernate.engine.jdbc.connections.internal.DriverManagerConnectionProviderImpl  - HHH000006: Autocommit mode: false
2021-09-30 11:12:02 INFO  org.hibernate.engine.jdbc.connections.internal.DriverManagerConnectionProviderImpl  - HHH000115: Hibernate connection pool size: 20 (min=1)
2021-09-30 11:12:03 INFO  org.hibernate.dialect.Dialect  - HHH000400: Using dialect: org.hibernate.dialect.PostgreSQLDialect
2021-09-30 11:12:03 INFO  org.hibernate.engine.jdbc.internal.LobCreatorBuilder  - HHH000424: Disabling contextual LOB creation as createClob() method threw error : java.lang.reflect.InvocationTargetException
2021-09-30 11:12:03 INFO  org.hibernate.engine.transaction.internal.TransactionFactoryInitiator  - HHH000399: Using default transaction strategy (direct JDBC transactions)
2021-09-30 11:12:03 INFO  org.hibernate.hql.internal.ast.ASTQueryTranslatorFactory  - HHH000397: Using ASTQueryTranslatorFactory
2021-09-30 12:02:02 INFO  org.hibernate.annotations.common.Version  - HCANN000001: Hibernate Commons Annotations {4.0.4.Final}
2021-09-30 12:02:02 INFO  org.hibernate.Version  - HHH000412: Hibernate Core {4.3.1.Final}
2021-09-30 12:02:02 INFO  org.hibernate.cfg.Environment  - HHH000206: hibernate.properties not found
2021-09-30 12:02:02 INFO  org.hibernate.cfg.Environment  - HHH000021: Bytecode provider name : javassist
2021-09-30 12:02:02 INFO  org.hibernate.cfg.Configuration  - HHH000043: Configuring from resource: /hibernate.cfg.xml
2021-09-30 12:02:02 INFO  org.hibernate.cfg.Configuration  - HHH000040: Configuration resource: /hibernate.cfg.xml
2021-09-30 12:02:02 WARN  org.hibernate.internal.util.xml.DTDEntityResolver  - HHH000223: Recognized obsolete hibernate namespace http://hibernate.sourceforge.net/. Use namespace http://www.hibernate.org/dtd/ instead. Refer to Hibernate 3.6 Migration Guide!
2021-09-30 12:02:02 INFO  org.hibernate.cfg.Configuration  - HHH000041: Configured SessionFactory: null
2021-09-30 12:02:02 WARN  org.hibernate.engine.jdbc.connections.internal.DriverManagerConnectionProviderImpl  - HHH000402: Using Hibernate built-in connection pool (not for production use!)
2021-09-30 12:02:02 INFO  org.hibernate.engine.jdbc.connections.internal.DriverManagerConnectionProviderImpl  - HHH000401: using driver [org.postgresql.Driver] at URL [jdbc:postgresql://localhost:5432/sync]
2021-09-30 12:02:02 INFO  org.hibernate.engine.jdbc.connections.internal.DriverManagerConnectionProviderImpl  - HHH000046: Connection properties: {user=postgres, password=****}
2021-09-30 12:02:02 INFO  org.hibernate.engine.jdbc.connections.internal.DriverManagerConnectionProviderImpl  - HHH000006: Autocommit mode: false
2021-09-30 12:02:02 INFO  org.hibernate.engine.jdbc.connections.internal.DriverManagerConnectionProviderImpl  - HHH000115: Hibernate connection pool size: 20 (min=1)
2021-09-30 12:02:02 INFO  org.hibernate.dialect.Dialect  - HHH000400: Using dialect: org.hibernate.dialect.PostgreSQLDialect
2021-09-30 12:02:03 INFO  org.hibernate.engine.jdbc.internal.LobCreatorBuilder  - HHH000424: Disabling contextual LOB creation as createClob() method threw error : java.lang.reflect.InvocationTargetException
2021-09-30 12:02:03 INFO  org.hibernate.engine.transaction.internal.TransactionFactoryInitiator  - HHH000399: Using default transaction strategy (direct JDBC transactions)
2021-09-30 12:02:03 INFO  org.hibernate.hql.internal.ast.ASTQueryTranslatorFactory  - HHH000397: Using ASTQueryTranslatorFactory
2021-09-30 12:09:07 INFO  org.hibernate.annotations.common.Version  - HCANN000001: Hibernate Commons Annotations {4.0.4.Final}
2021-09-30 12:09:07 INFO  org.hibernate.Version  - HHH000412: Hibernate Core {4.3.1.Final}
2021-09-30 12:09:07 INFO  org.hibernate.cfg.Environment  - HHH000206: hibernate.properties not found
2021-09-30 12:09:07 INFO  org.hibernate.cfg.Environment  - HHH000021: Bytecode provider name : javassist
2021-09-30 12:09:07 INFO  org.hibernate.cfg.Configuration  - HHH000043: Configuring from resource: /hibernate.cfg.xml
2021-09-30 12:09:07 INFO  org.hibernate.cfg.Configuration  - HHH000040: Configuration resource: /hibernate.cfg.xml
2021-09-30 12:09:07 WARN  org.hibernate.internal.util.xml.DTDEntityResolver  - HHH000223: Recognized obsolete hibernate namespace http://hibernate.sourceforge.net/. Use namespace http://www.hibernate.org/dtd/ instead. Refer to Hibernate 3.6 Migration Guide!
2021-09-30 12:09:07 INFO  org.hibernate.cfg.Configuration  - HHH000041: Configured SessionFactory: null
2021-09-30 12:09:07 WARN  org.hibernate.engine.jdbc.connections.internal.DriverManagerConnectionProviderImpl  - HHH000402: Using Hibernate built-in connection pool (not for production use!)
2021-09-30 12:09:07 INFO  org.hibernate.engine.jdbc.connections.internal.DriverManagerConnectionProviderImpl  - HHH000401: using driver [org.postgresql.Driver] at URL [jdbc:postgresql://localhost:5432/sync]
2021-09-30 12:09:07 INFO  org.hibernate.engine.jdbc.connections.internal.DriverManagerConnectionProviderImpl  - HHH000046: Connection properties: {user=postgres, password=****}
2021-09-30 12:09:07 INFO  org.hibernate.engine.jdbc.connections.internal.DriverManagerConnectionProviderImpl  - HHH000006: Autocommit mode: false
2021-09-30 12:09:07 INFO  org.hibernate.engine.jdbc.connections.internal.DriverManagerConnectionProviderImpl  - HHH000115: Hibernate connection pool size: 20 (min=1)
2021-09-30 12:09:07 INFO  org.hibernate.dialect.Dialect  - HHH000400: Using dialect: org.hibernate.dialect.PostgreSQLDialect
2021-09-30 12:09:07 INFO  org.hibernate.engine.jdbc.internal.LobCreatorBuilder  - HHH000424: Disabling contextual LOB creation as createClob() method threw error : java.lang.reflect.InvocationTargetException
2021-09-30 12:09:07 INFO  org.hibernate.engine.transaction.internal.TransactionFactoryInitiator  - HHH000399: Using default transaction strategy (direct JDBC transactions)
2021-09-30 12:09:07 INFO  org.hibernate.hql.internal.ast.ASTQueryTranslatorFactory  - HHH000397: Using ASTQueryTranslatorFactory
2021-09-30 12:11:10 INFO  org.hibernate.annotations.common.Version  - HCANN000001: Hibernate Commons Annotations {4.0.4.Final}
2021-09-30 12:11:10 INFO  org.hibernate.Version  - HHH000412: Hibernate Core {4.3.1.Final}
2021-09-30 12:11:10 INFO  org.hibernate.cfg.Environment  - HHH000206: hibernate.properties not found
2021-09-30 12:11:10 INFO  org.hibernate.cfg.Environment  - HHH000021: Bytecode provider name : javassist
2021-09-30 12:11:10 INFO  org.hibernate.cfg.Configuration  - HHH000043: Configuring from resource: /hibernate.cfg.xml
2021-09-30 12:11:10 INFO  org.hibernate.cfg.Configuration  - HHH000040: Configuration resource: /hibernate.cfg.xml
2021-09-30 12:11:10 WARN  org.hibernate.internal.util.xml.DTDEntityResolver  - HHH000223: Recognized obsolete hibernate namespace http://hibernate.sourceforge.net/. Use namespace http://www.hibernate.org/dtd/ instead. Refer to Hibernate 3.6 Migration Guide!
2021-09-30 12:11:10 INFO  org.hibernate.cfg.Configuration  - HHH000041: Configured SessionFactory: null
2021-09-30 12:11:10 WARN  org.hibernate.engine.jdbc.connections.internal.DriverManagerConnectionProviderImpl  - HHH000402: Using Hibernate built-in connection pool (not for production use!)
2021-09-30 12:11:10 INFO  org.hibernate.engine.jdbc.connections.internal.DriverManagerConnectionProviderImpl  - HHH000401: using driver [org.postgresql.Driver] at URL [jdbc:postgresql://localhost:5432/sync]
2021-09-30 12:11:10 INFO  org.hibernate.engine.jdbc.connections.internal.DriverManagerConnectionProviderImpl  - HHH000046: Connection properties: {user=postgres, password=****}
2021-09-30 12:11:10 INFO  org.hibernate.engine.jdbc.connections.internal.DriverManagerConnectionProviderImpl  - HHH000006: Autocommit mode: false
2021-09-30 12:11:10 INFO  org.hibernate.engine.jdbc.connections.internal.DriverManagerConnectionProviderImpl  - HHH000115: Hibernate connection pool size: 20 (min=1)
2021-09-30 12:11:11 INFO  org.hibernate.dialect.Dialect  - HHH000400: Using dialect: org.hibernate.dialect.PostgreSQLDialect
2021-09-30 12:11:11 INFO  org.hibernate.engine.jdbc.internal.LobCreatorBuilder  - HHH000424: Disabling contextual LOB creation as createClob() method threw error : java.lang.reflect.InvocationTargetException
2021-09-30 12:11:11 INFO  org.hibernate.engine.transaction.internal.TransactionFactoryInitiator  - HHH000399: Using default transaction strategy (direct JDBC transactions)
2021-09-30 12:11:11 INFO  org.hibernate.hql.internal.ast.ASTQueryTranslatorFactory  - HHH000397: Using ASTQueryTranslatorFactory
2021-09-30 12:12:20 INFO  org.hibernate.annotations.common.Version  - HCANN000001: Hibernate Commons Annotations {4.0.4.Final}
2021-09-30 12:12:20 INFO  org.hibernate.Version  - HHH000412: Hibernate Core {4.3.1.Final}
2021-09-30 12:12:20 INFO  org.hibernate.cfg.Environment  - HHH000206: hibernate.properties not found
2021-09-30 12:12:20 INFO  org.hibernate.cfg.Environment  - HHH000021: Bytecode provider name : javassist
2021-09-30 12:12:20 INFO  org.hibernate.cfg.Configuration  - HHH000043: Configuring from resource: /hibernate.cfg.xml
2021-09-30 12:12:20 INFO  org.hibernate.cfg.Configuration  - HHH000040: Configuration resource: /hibernate.cfg.xml
2021-09-30 12:12:20 WARN  org.hibernate.internal.util.xml.DTDEntityResolver  - HHH000223: Recognized obsolete hibernate namespace http://hibernate.sourceforge.net/. Use namespace http://www.hibernate.org/dtd/ instead. Refer to Hibernate 3.6 Migration Guide!
2021-09-30 12:12:20 INFO  org.hibernate.cfg.Configuration  - HHH000041: Configured SessionFactory: null
2021-09-30 12:12:20 WARN  org.hibernate.engine.jdbc.connections.internal.DriverManagerConnectionProviderImpl  - HHH000402: Using Hibernate built-in connection pool (not for production use!)
2021-09-30 12:12:20 INFO  org.hibernate.engine.jdbc.connections.internal.DriverManagerConnectionProviderImpl  - HHH000401: using driver [org.postgresql.Driver] at URL [jdbc:postgresql://localhost:5432/sync]
2021-09-30 12:12:20 INFO  org.hibernate.engine.jdbc.connections.internal.DriverManagerConnectionProviderImpl  - HHH000046: Connection properties: {user=postgres, password=****}
2021-09-30 12:12:20 INFO  org.hibernate.engine.jdbc.connections.internal.DriverManagerConnectionProviderImpl  - HHH000006: Autocommit mode: false
2021-09-30 12:12:20 INFO  org.hibernate.engine.jdbc.connections.internal.DriverManagerConnectionProviderImpl  - HHH000115: Hibernate connection pool size: 20 (min=1)
2021-09-30 12:12:20 INFO  org.hibernate.dialect.Dialect  - HHH000400: Using dialect: org.hibernate.dialect.PostgreSQLDialect
2021-09-30 12:12:20 INFO  org.hibernate.engine.jdbc.internal.LobCreatorBuilder  - HHH000424: Disabling contextual LOB creation as createClob() method threw error : java.lang.reflect.InvocationTargetException
2021-09-30 12:12:20 INFO  org.hibernate.engine.transaction.internal.TransactionFactoryInitiator  - HHH000399: Using default transaction strategy (direct JDBC transactions)
2021-09-30 12:12:20 INFO  org.hibernate.hql.internal.ast.ASTQueryTranslatorFactory  - HHH000397: Using ASTQueryTranslatorFactory
2021-09-30 12:13:10 INFO  org.hibernate.annotations.common.Version  - HCANN000001: Hibernate Commons Annotations {4.0.4.Final}
2021-09-30 12:13:10 INFO  org.hibernate.Version  - HHH000412: Hibernate Core {4.3.1.Final}
2021-09-30 12:13:10 INFO  org.hibernate.cfg.Environment  - HHH000206: hibernate.properties not found
2021-09-30 12:13:10 INFO  org.hibernate.cfg.Environment  - HHH000021: Bytecode provider name : javassist
2021-09-30 12:13:11 INFO  org.hibernate.cfg.Configuration  - HHH000043: Configuring from resource: /hibernate.cfg.xml
2021-09-30 12:13:11 INFO  org.hibernate.cfg.Configuration  - HHH000040: Configuration resource: /hibernate.cfg.xml
2021-09-30 12:13:11 WARN  org.hibernate.internal.util.xml.DTDEntityResolver  - HHH000223: Recognized obsolete hibernate namespace http://hibernate.sourceforge.net/. Use namespace http://www.hibernate.org/dtd/ instead. Refer to Hibernate 3.6 Migration Guide!
2021-09-30 12:13:11 INFO  org.hibernate.cfg.Configuration  - HHH000041: Configured SessionFactory: null
2021-09-30 12:13:11 WARN  org.hibernate.engine.jdbc.connections.internal.DriverManagerConnectionProviderImpl  - HHH000402: Using Hibernate built-in connection pool (not for production use!)
2021-09-30 12:13:11 INFO  org.hibernate.engine.jdbc.connections.internal.DriverManagerConnectionProviderImpl  - HHH000401: using driver [org.postgresql.Driver] at URL [jdbc:postgresql://localhost:5432/sync]
2021-09-30 12:13:11 INFO  org.hibernate.engine.jdbc.connections.internal.DriverManagerConnectionProviderImpl  - HHH000046: Connection properties: {user=postgres, password=****}
2021-09-30 12:13:11 INFO  org.hibernate.engine.jdbc.connections.internal.DriverManagerConnectionProviderImpl  - HHH000006: Autocommit mode: false
2021-09-30 12:13:11 INFO  org.hibernate.engine.jdbc.connections.internal.DriverManagerConnectionProviderImpl  - HHH000115: Hibernate connection pool size: 20 (min=1)
2021-09-30 12:13:11 INFO  org.hibernate.dialect.Dialect  - HHH000400: Using dialect: org.hibernate.dialect.PostgreSQLDialect
2021-09-30 12:13:11 INFO  org.hibernate.engine.jdbc.internal.LobCreatorBuilder  - HHH000424: Disabling contextual LOB creation as createClob() method threw error : java.lang.reflect.InvocationTargetException
2021-09-30 12:13:11 INFO  org.hibernate.engine.transaction.internal.TransactionFactoryInitiator  - HHH000399: Using default transaction strategy (direct JDBC transactions)
2021-09-30 12:13:11 INFO  org.hibernate.hql.internal.ast.ASTQueryTranslatorFactory  - HHH000397: Using ASTQueryTranslatorFactory
2021-09-30 12:13:49 INFO  org.hibernate.annotations.common.Version  - HCANN000001: Hibernate Commons Annotations {4.0.4.Final}
2021-09-30 12:13:49 INFO  org.hibernate.Version  - HHH000412: Hibernate Core {4.3.1.Final}
2021-09-30 12:13:49 INFO  org.hibernate.cfg.Environment  - HHH000206: hibernate.properties not found
2021-09-30 12:13:49 INFO  org.hibernate.cfg.Environment  - HHH000021: Bytecode provider name : javassist
2021-09-30 12:13:49 INFO  org.hibernate.cfg.Configuration  - HHH000043: Configuring from resource: /hibernate.cfg.xml
2021-09-30 12:13:49 INFO  org.hibernate.cfg.Configuration  - HHH000040: Configuration resource: /hibernate.cfg.xml
2021-09-30 12:13:49 WARN  org.hibernate.internal.util.xml.DTDEntityResolver  - HHH000223: Recognized obsolete hibernate namespace http://hibernate.sourceforge.net/. Use namespace http://www.hibernate.org/dtd/ instead. Refer to Hibernate 3.6 Migration Guide!
2021-09-30 12:13:49 INFO  org.hibernate.cfg.Configuration  - HHH000041: Configured SessionFactory: null
2021-09-30 12:13:49 WARN  org.hibernate.engine.jdbc.connections.internal.DriverManagerConnectionProviderImpl  - HHH000402: Using Hibernate built-in connection pool (not for production use!)
2021-09-30 12:13:49 INFO  org.hibernate.engine.jdbc.connections.internal.DriverManagerConnectionProviderImpl  - HHH000401: using driver [org.postgresql.Driver] at URL [jdbc:postgresql://localhost:5432/sync]
2021-09-30 12:13:49 INFO  org.hibernate.engine.jdbc.connections.internal.DriverManagerConnectionProviderImpl  - HHH000046: Connection properties: {user=postgres, password=****}
2021-09-30 12:13:49 INFO  org.hibernate.engine.jdbc.connections.internal.DriverManagerConnectionProviderImpl  - HHH000006: Autocommit mode: false
2021-09-30 12:13:49 INFO  org.hibernate.engine.jdbc.connections.internal.DriverManagerConnectionProviderImpl  - HHH000115: Hibernate connection pool size: 20 (min=1)
2021-09-30 12:13:49 INFO  org.hibernate.dialect.Dialect  - HHH000400: Using dialect: org.hibernate.dialect.PostgreSQLDialect
2021-09-30 12:13:49 INFO  org.hibernate.engine.jdbc.internal.LobCreatorBuilder  - HHH000424: Disabling contextual LOB creation as createClob() method threw error : java.lang.reflect.InvocationTargetException
2021-09-30 12:13:49 INFO  org.hibernate.engine.transaction.internal.TransactionFactoryInitiator  - HHH000399: Using default transaction strategy (direct JDBC transactions)
2021-09-30 12:13:49 INFO  org.hibernate.hql.internal.ast.ASTQueryTranslatorFactory  - HHH000397: Using ASTQueryTranslatorFactory
2021-09-30 12:16:23 INFO  org.hibernate.annotations.common.Version  - HCANN000001: Hibernate Commons Annotations {4.0.4.Final}
2021-09-30 12:16:23 INFO  org.hibernate.Version  - HHH000412: Hibernate Core {4.3.1.Final}
2021-09-30 12:16:23 INFO  org.hibernate.cfg.Environment  - HHH000206: hibernate.properties not found
2021-09-30 12:16:23 INFO  org.hibernate.cfg.Environment  - HHH000021: Bytecode provider name : javassist
2021-09-30 12:16:23 INFO  org.hibernate.cfg.Configuration  - HHH000043: Configuring from resource: /hibernate.cfg.xml
2021-09-30 12:16:23 INFO  org.hibernate.cfg.Configuration  - HHH000040: Configuration resource: /hibernate.cfg.xml
2021-09-30 12:16:23 WARN  org.hibernate.internal.util.xml.DTDEntityResolver  - HHH000223: Recognized obsolete hibernate namespace http://hibernate.sourceforge.net/. Use namespace http://www.hibernate.org/dtd/ instead. Refer to Hibernate 3.6 Migration Guide!
2021-09-30 12:16:23 INFO  org.hibernate.cfg.Configuration  - HHH000041: Configured SessionFactory: null
2021-09-30 12:16:23 WARN  org.hibernate.engine.jdbc.connections.internal.DriverManagerConnectionProviderImpl  - HHH000402: Using Hibernate built-in connection pool (not for production use!)
2021-09-30 12:16:23 INFO  org.hibernate.engine.jdbc.connections.internal.DriverManagerConnectionProviderImpl  - HHH000401: using driver [org.postgresql.Driver] at URL [jdbc:postgresql://localhost:5432/sync]
2021-09-30 12:16:23 INFO  org.hibernate.engine.jdbc.connections.internal.DriverManagerConnectionProviderImpl  - HHH000046: Connection properties: {user=postgres, password=****}
2021-09-30 12:16:23 INFO  org.hibernate.engine.jdbc.connections.internal.DriverManagerConnectionProviderImpl  - HHH000006: Autocommit mode: false
2021-09-30 12:16:23 INFO  org.hibernate.engine.jdbc.connections.internal.DriverManagerConnectionProviderImpl  - HHH000115: Hibernate connection pool size: 20 (min=1)
2021-09-30 12:16:24 INFO  org.hibernate.dialect.Dialect  - HHH000400: Using dialect: org.hibernate.dialect.PostgreSQLDialect
2021-09-30 12:16:24 INFO  org.hibernate.engine.jdbc.internal.LobCreatorBuilder  - HHH000424: Disabling contextual LOB creation as createClob() method threw error : java.lang.reflect.InvocationTargetException
2021-09-30 12:16:24 INFO  org.hibernate.engine.transaction.internal.TransactionFactoryInitiator  - HHH000399: Using default transaction strategy (direct JDBC transactions)
2021-09-30 12:16:24 INFO  org.hibernate.hql.internal.ast.ASTQueryTranslatorFactory  - HHH000397: Using ASTQueryTranslatorFactory
2021-09-30 12:18:14 INFO  org.hibernate.annotations.common.Version  - HCANN000001: Hibernate Commons Annotations {4.0.4.Final}
2021-09-30 12:18:14 INFO  org.hibernate.Version  - HHH000412: Hibernate Core {4.3.1.Final}
2021-09-30 12:18:14 INFO  org.hibernate.cfg.Environment  - HHH000206: hibernate.properties not found
2021-09-30 12:18:14 INFO  org.hibernate.cfg.Environment  - HHH000021: Bytecode provider name : javassist
2021-09-30 12:18:14 INFO  org.hibernate.cfg.Configuration  - HHH000043: Configuring from resource: /hibernate.cfg.xml
2021-09-30 12:18:14 INFO  org.hibernate.cfg.Configuration  - HHH000040: Configuration resource: /hibernate.cfg.xml
2021-09-30 12:18:14 WARN  org.hibernate.internal.util.xml.DTDEntityResolver  - HHH000223: Recognized obsolete hibernate namespace http://hibernate.sourceforge.net/. Use namespace http://www.hibernate.org/dtd/ instead. Refer to Hibernate 3.6 Migration Guide!
2021-09-30 12:18:14 INFO  org.hibernate.cfg.Configuration  - HHH000041: Configured SessionFactory: null
2021-09-30 12:18:14 WARN  org.hibernate.engine.jdbc.connections.internal.DriverManagerConnectionProviderImpl  - HHH000402: Using Hibernate built-in connection pool (not for production use!)
2021-09-30 12:18:14 INFO  org.hibernate.engine.jdbc.connections.internal.DriverManagerConnectionProviderImpl  - HHH000401: using driver [org.postgresql.Driver] at URL [jdbc:postgresql://localhost:5432/sync]
2021-09-30 12:18:14 INFO  org.hibernate.engine.jdbc.connections.internal.DriverManagerConnectionProviderImpl  - HHH000046: Connection properties: {user=postgres, password=****}
2021-09-30 12:18:14 INFO  org.hibernate.engine.jdbc.connections.internal.DriverManagerConnectionProviderImpl  - HHH000006: Autocommit mode: false
2021-09-30 12:18:14 INFO  org.hibernate.engine.jdbc.connections.internal.DriverManagerConnectionProviderImpl  - HHH000115: Hibernate connection pool size: 20 (min=1)
2021-09-30 12:18:14 INFO  org.hibernate.dialect.Dialect  - HHH000400: Using dialect: org.hibernate.dialect.PostgreSQLDialect
2021-09-30 12:18:14 INFO  org.hibernate.engine.jdbc.internal.LobCreatorBuilder  - HHH000424: Disabling contextual LOB creation as createClob() method threw error : java.lang.reflect.InvocationTargetException
2021-09-30 12:18:14 INFO  org.hibernate.engine.transaction.internal.TransactionFactoryInitiator  - HHH000399: Using default transaction strategy (direct JDBC transactions)
2021-09-30 12:18:14 INFO  org.hibernate.hql.internal.ast.ASTQueryTranslatorFactory  - HHH000397: Using ASTQueryTranslatorFactory
2021-09-30 12:19:08 INFO  org.hibernate.annotations.common.Version  - HCANN000001: Hibernate Commons Annotations {4.0.4.Final}
2021-09-30 12:19:08 INFO  org.hibernate.Version  - HHH000412: Hibernate Core {4.3.1.Final}
2021-09-30 12:19:08 INFO  org.hibernate.cfg.Environment  - HHH000206: hibernate.properties not found
2021-09-30 12:19:08 INFO  org.hibernate.cfg.Environment  - HHH000021: Bytecode provider name : javassist
2021-09-30 12:19:08 INFO  org.hibernate.cfg.Configuration  - HHH000043: Configuring from resource: /hibernate.cfg.xml
2021-09-30 12:19:08 INFO  org.hibernate.cfg.Configuration  - HHH000040: Configuration resource: /hibernate.cfg.xml
2021-09-30 12:19:08 WARN  org.hibernate.internal.util.xml.DTDEntityResolver  - HHH000223: Recognized obsolete hibernate namespace http://hibernate.sourceforge.net/. Use namespace http://www.hibernate.org/dtd/ instead. Refer to Hibernate 3.6 Migration Guide!
2021-09-30 12:19:08 INFO  org.hibernate.cfg.Configuration  - HHH000041: Configured SessionFactory: null
2021-09-30 12:19:08 WARN  org.hibernate.engine.jdbc.connections.internal.DriverManagerConnectionProviderImpl  - HHH000402: Using Hibernate built-in connection pool (not for production use!)
2021-09-30 12:19:08 INFO  org.hibernate.engine.jdbc.connections.internal.DriverManagerConnectionProviderImpl  - HHH000401: using driver [org.postgresql.Driver] at URL [jdbc:postgresql://localhost:5432/sync]
2021-09-30 12:19:08 INFO  org.hibernate.engine.jdbc.connections.internal.DriverManagerConnectionProviderImpl  - HHH000046: Connection properties: {user=postgres, password=****}
2021-09-30 12:19:08 INFO  org.hibernate.engine.jdbc.connections.internal.DriverManagerConnectionProviderImpl  - HHH000006: Autocommit mode: false
2021-09-30 12:19:08 INFO  org.hibernate.engine.jdbc.connections.internal.DriverManagerConnectionProviderImpl  - HHH000115: Hibernate connection pool size: 20 (min=1)
2021-09-30 12:19:09 INFO  org.hibernate.dialect.Dialect  - HHH000400: Using dialect: org.hibernate.dialect.PostgreSQLDialect
2021-09-30 12:19:09 INFO  org.hibernate.engine.jdbc.internal.LobCreatorBuilder  - HHH000424: Disabling contextual LOB creation as createClob() method threw error : java.lang.reflect.InvocationTargetException
2021-09-30 12:19:09 INFO  org.hibernate.engine.transaction.internal.TransactionFactoryInitiator  - HHH000399: Using default transaction strategy (direct JDBC transactions)
2021-09-30 12:19:09 INFO  org.hibernate.hql.internal.ast.ASTQueryTranslatorFactory  - HHH000397: Using ASTQueryTranslatorFactory
2021-09-30 12:21:37 INFO  org.hibernate.annotations.common.Version  - HCANN000001: Hibernate Commons Annotations {4.0.4.Final}
2021-09-30 12:21:37 INFO  org.hibernate.Version  - HHH000412: Hibernate Core {4.3.1.Final}
2021-09-30 12:21:37 INFO  org.hibernate.cfg.Environment  - HHH000206: hibernate.properties not found
2021-09-30 12:21:37 INFO  org.hibernate.cfg.Environment  - HHH000021: Bytecode provider name : javassist
2021-09-30 12:21:37 INFO  org.hibernate.cfg.Configuration  - HHH000043: Configuring from resource: /hibernate.cfg.xml
2021-09-30 12:21:37 INFO  org.hibernate.cfg.Configuration  - HHH000040: Configuration resource: /hibernate.cfg.xml
2021-09-30 12:21:37 WARN  org.hibernate.internal.util.xml.DTDEntityResolver  - HHH000223: Recognized obsolete hibernate namespace http://hibernate.sourceforge.net/. Use namespace http://www.hibernate.org/dtd/ instead. Refer to Hibernate 3.6 Migration Guide!
2021-09-30 12:21:37 INFO  org.hibernate.cfg.Configuration  - HHH000041: Configured SessionFactory: null
2021-09-30 12:21:38 WARN  org.hibernate.engine.jdbc.connections.internal.DriverManagerConnectionProviderImpl  - HHH000402: Using Hibernate built-in connection pool (not for production use!)
2021-09-30 12:21:38 INFO  org.hibernate.engine.jdbc.connections.internal.DriverManagerConnectionProviderImpl  - HHH000401: using driver [org.postgresql.Driver] at URL [jdbc:postgresql://localhost:5432/sync]
2021-09-30 12:21:38 INFO  org.hibernate.engine.jdbc.connections.internal.DriverManagerConnectionProviderImpl  - HHH000046: Connection properties: {user=postgres, password=****}
2021-09-30 12:21:38 INFO  org.hibernate.engine.jdbc.connections.internal.DriverManagerConnectionProviderImpl  - HHH000006: Autocommit mode: false
2021-09-30 12:21:38 INFO  org.hibernate.engine.jdbc.connections.internal.DriverManagerConnectionProviderImpl  - HHH000115: Hibernate connection pool size: 20 (min=1)
2021-09-30 12:21:38 INFO  org.hibernate.dialect.Dialect  - HHH000400: Using dialect: org.hibernate.dialect.PostgreSQLDialect
2021-09-30 12:21:38 INFO  org.hibernate.engine.jdbc.internal.LobCreatorBuilder  - HHH000424: Disabling contextual LOB creation as createClob() method threw error : java.lang.reflect.InvocationTargetException
2021-09-30 12:21:38 INFO  org.hibernate.engine.transaction.internal.TransactionFactoryInitiator  - HHH000399: Using default transaction strategy (direct JDBC transactions)
2021-09-30 12:21:38 INFO  org.hibernate.hql.internal.ast.ASTQueryTranslatorFactory  - HHH000397: Using ASTQueryTranslatorFactory
[2021-09-30 12:25:19] [INFO ] [org.hibernate.annotations.common.Version] [] - [HCANN000001: Hibernate Commons Annotations {4.0.4.Final}
][2021-09-30 12:25:19] [INFO ] [org.hibernate.Version] [] - [HHH000412: Hibernate Core {4.3.1.Final}
][2021-09-30 12:25:19] [INFO ] [org.hibernate.cfg.Environment] [] - [HHH000206: hibernate.properties not found
][2021-09-30 12:25:19] [INFO ] [org.hibernate.cfg.Environment] [] - [HHH000021: Bytecode provider name : javassist
][2021-09-30 12:25:19] [INFO ] [org.hibernate.cfg.Configuration] [] - [HHH000043: Configuring from resource: /hibernate.cfg.xml
][2021-09-30 12:25:19] [INFO ] [org.hibernate.cfg.Configuration] [] - [HHH000040: Configuration resource: /hibernate.cfg.xml
][2021-09-30 12:25:19] [WARN ] [org.hibernate.internal.util.xml.DTDEntityResolver] [] - [HHH000223: Recognized obsolete hibernate namespace http://hibernate.sourceforge.net/. Use namespace http://www.hibernate.org/dtd/ instead. Refer to Hibernate 3.6 Migration Guide!
][2021-09-30 12:25:19] [INFO ] [org.hibernate.cfg.Configuration] [] - [HHH000041: Configured SessionFactory: null
][2021-09-30 12:25:19] [WARN ] [org.hibernate.engine.jdbc.connections.internal.DriverManagerConnectionProviderImpl] [] - [HHH000402: Using Hibernate built-in connection pool (not for production use!)
][2021-09-30 12:25:19] [INFO ] [org.hibernate.engine.jdbc.connections.internal.DriverManagerConnectionProviderImpl] [] - [HHH000401: using driver [org.postgresql.Driver] at URL [jdbc:postgresql://localhost:5432/sync]
][2021-09-30 12:25:19] [INFO ] [org.hibernate.engine.jdbc.connections.internal.DriverManagerConnectionProviderImpl] [] - [HHH000046: Connection properties: {user=postgres, password=****}
][2021-09-30 12:25:19] [INFO ] [org.hibernate.engine.jdbc.connections.internal.DriverManagerConnectionProviderImpl] [] - [HHH000006: Autocommit mode: false
][2021-09-30 12:25:19] [INFO ] [org.hibernate.engine.jdbc.connections.internal.DriverManagerConnectionProviderImpl] [] - [HHH000115: Hibernate connection pool size: 20 (min=1)
][2021-09-30 12:25:19] [INFO ] [org.hibernate.dialect.Dialect] [] - [HHH000400: Using dialect: org.hibernate.dialect.PostgreSQLDialect
][2021-09-30 12:25:19] [INFO ] [org.hibernate.engine.jdbc.internal.LobCreatorBuilder] [] - [HHH000424: Disabling contextual LOB creation as createClob() method threw error : java.lang.reflect.InvocationTargetException
][2021-09-30 12:25:19] [INFO ] [org.hibernate.engine.transaction.internal.TransactionFactoryInitiator] [] - [HHH000399: Using default transaction strategy (direct JDBC transactions)
][2021-09-30 12:25:19] [INFO ] [org.hibernate.hql.internal.ast.ASTQueryTranslatorFactory] [] - [HHH000397: Using ASTQueryTranslatorFactory
][2021-09-30 12:26:42] [INFO ] [org.hibernate.annotations.common.Version] [] - [HCANN000001: Hibernate Commons Annotations {4.0.4.Final}]
[2021-09-30 12:26:42] [INFO ] [org.hibernate.Version] [] - [HHH000412: Hibernate Core {4.3.1.Final}]
[2021-09-30 12:26:42] [INFO ] [org.hibernate.cfg.Environment] [] - [HHH000206: hibernate.properties not found]
[2021-09-30 12:26:42] [INFO ] [org.hibernate.cfg.Environment] [] - [HHH000021: Bytecode provider name : javassist]
[2021-09-30 12:26:42] [INFO ] [org.hibernate.cfg.Configuration] [] - [HHH000043: Configuring from resource: /hibernate.cfg.xml]
[2021-09-30 12:26:42] [INFO ] [org.hibernate.cfg.Configuration] [] - [HHH000040: Configuration resource: /hibernate.cfg.xml]
[2021-09-30 12:26:42] [WARN ] [org.hibernate.internal.util.xml.DTDEntityResolver] [] - [HHH000223: Recognized obsolete hibernate namespace http://hibernate.sourceforge.net/. Use namespace http://www.hibernate.org/dtd/ instead. Refer to Hibernate 3.6 Migration Guide!]
[2021-09-30 12:26:42] [INFO ] [org.hibernate.cfg.Configuration] [] - [HHH000041: Configured SessionFactory: null]
[2021-09-30 12:26:42] [WARN ] [org.hibernate.engine.jdbc.connections.internal.DriverManagerConnectionProviderImpl] [] - [HHH000402: Using Hibernate built-in connection pool (not for production use!)]
[2021-09-30 12:26:42] [INFO ] [org.hibernate.engine.jdbc.connections.internal.DriverManagerConnectionProviderImpl] [] - [HHH000401: using driver [org.postgresql.Driver] at URL [jdbc:postgresql://localhost:5432/sync]]
[2021-09-30 12:26:42] [INFO ] [org.hibernate.engine.jdbc.connections.internal.DriverManagerConnectionProviderImpl] [] - [HHH000046: Connection properties: {user=postgres, password=****}]
[2021-09-30 12:26:42] [INFO ] [org.hibernate.engine.jdbc.connections.internal.DriverManagerConnectionProviderImpl] [] - [HHH000006: Autocommit mode: false]
[2021-09-30 12:26:42] [INFO ] [org.hibernate.engine.jdbc.connections.internal.DriverManagerConnectionProviderImpl] [] - [HHH000115: Hibernate connection pool size: 20 (min=1)]
[2021-09-30 12:26:43] [INFO ] [org.hibernate.dialect.Dialect] [] - [HHH000400: Using dialect: org.hibernate.dialect.PostgreSQLDialect]
[2021-09-30 12:26:43] [INFO ] [org.hibernate.engine.jdbc.internal.LobCreatorBuilder] [] - [HHH000424: Disabling contextual LOB creation as createClob() method threw error : java.lang.reflect.InvocationTargetException]
[2021-09-30 12:26:43] [INFO ] [org.hibernate.engine.transaction.internal.TransactionFactoryInitiator] [] - [HHH000399: Using default transaction strategy (direct JDBC transactions)]
[2021-09-30 12:26:43] [INFO ] [org.hibernate.hql.internal.ast.ASTQueryTranslatorFactory] [] - [HHH000397: Using ASTQueryTranslatorFactory]
[2021-09-30 14:32:18] [INFO ] [org.hibernate.annotations.common.Version] [] [HCANN000001: Hibernate Commons Annotations {4.0.4.Final}]
[2021-09-30 14:32:18] [INFO ] [org.hibernate.Version] [] [HHH000412: Hibernate Core {4.3.1.Final}]
[2021-09-30 14:32:18] [INFO ] [org.hibernate.cfg.Environment] [] [HHH000206: hibernate.properties not found]
[2021-09-30 14:32:18] [INFO ] [org.hibernate.cfg.Environment] [] [HHH000021: Bytecode provider name : javassist]
[2021-09-30 14:32:19] [INFO ] [org.hibernate.cfg.Configuration] [] [HHH000043: Configuring from resource: /hibernate.cfg.xml]
[2021-09-30 14:32:19] [INFO ] [org.hibernate.cfg.Configuration] [] [HHH000040: Configuration resource: /hibernate.cfg.xml]
[2021-09-30 14:32:19] [WARN ] [org.hibernate.internal.util.xml.DTDEntityResolver] [] [HHH000223: Recognized obsolete hibernate namespace http://hibernate.sourceforge.net/. Use namespace http://www.hibernate.org/dtd/ instead. Refer to Hibernate 3.6 Migration Guide!]
[2021-09-30 14:32:19] [INFO ] [org.hibernate.cfg.Configuration] [] [HHH000041: Configured SessionFactory: null]
[2021-09-30 14:32:19] [WARN ] [org.hibernate.engine.jdbc.connections.internal.DriverManagerConnectionProviderImpl] [] [HHH000402: Using Hibernate built-in connection pool (not for production use!)]
[2021-09-30 14:32:19] [INFO ] [org.hibernate.engine.jdbc.connections.internal.DriverManagerConnectionProviderImpl] [] [HHH000401: using driver [org.postgresql.Driver] at URL [jdbc:postgresql://localhost:5432/sync]]
[2021-09-30 14:32:19] [INFO ] [org.hibernate.engine.jdbc.connections.internal.DriverManagerConnectionProviderImpl] [] [HHH000046: Connection properties: {user=postgres, password=****}]
[2021-09-30 14:32:19] [INFO ] [org.hibernate.engine.jdbc.connections.internal.DriverManagerConnectionProviderImpl] [] [HHH000006: Autocommit mode: false]
[2021-09-30 14:32:19] [INFO ] [org.hibernate.engine.jdbc.connections.internal.DriverManagerConnectionProviderImpl] [] [HHH000115: Hibernate connection pool size: 20 (min=1)]
[2021-09-30 14:32:19] [INFO ] [org.hibernate.dialect.Dialect] [] [HHH000400: Using dialect: org.hibernate.dialect.PostgreSQLDialect]
[2021-09-30 14:32:19] [INFO ] [org.hibernate.engine.jdbc.internal.LobCreatorBuilder] [] [HHH000424: Disabling contextual LOB creation as createClob() method threw error : java.lang.reflect.InvocationTargetException]
[2021-09-30 14:35:05] [INFO ] [org.hibernate.annotations.common.Version] [] [HCANN000001: Hibernate Commons Annotations {4.0.4.Final}]
[2021-09-30 14:35:05] [INFO ] [org.hibernate.Version] [] [HHH000412: Hibernate Core {4.3.1.Final}]
[2021-09-30 14:35:05] [INFO ] [org.hibernate.cfg.Environment] [] [HHH000206: hibernate.properties not found]
[2021-09-30 14:35:05] [INFO ] [org.hibernate.cfg.Environment] [] [HHH000021: Bytecode provider name : javassist]
[2021-09-30 14:35:05] [INFO ] [org.hibernate.cfg.Configuration] [] [HHH000043: Configuring from resource: /hibernate.cfg.xml]
[2021-09-30 14:35:05] [INFO ] [org.hibernate.cfg.Configuration] [] [HHH000040: Configuration resource: /hibernate.cfg.xml]
[2021-09-30 14:35:05] [WARN ] [org.hibernate.internal.util.xml.DTDEntityResolver] [] [HHH000223: Recognized obsolete hibernate namespace http://hibernate.sourceforge.net/. Use namespace http://www.hibernate.org/dtd/ instead. Refer to Hibernate 3.6 Migration Guide!]
[2021-09-30 14:35:05] [INFO ] [org.hibernate.cfg.Configuration] [] [HHH000041: Configured SessionFactory: null]
[2021-09-30 14:35:05] [WARN ] [org.hibernate.engine.jdbc.connections.internal.DriverManagerConnectionProviderImpl] [] [HHH000402: Using Hibernate built-in connection pool (not for production use!)]
[2021-09-30 14:35:05] [INFO ] [org.hibernate.engine.jdbc.connections.internal.DriverManagerConnectionProviderImpl] [] [HHH000401: using driver [org.postgresql.Driver] at URL [jdbc:postgresql://localhost:5432/sync]]
[2021-09-30 14:35:05] [INFO ] [org.hibernate.engine.jdbc.connections.internal.DriverManagerConnectionProviderImpl] [] [HHH000046: Connection properties: {user=postgres, password=****}]
[2021-09-30 14:35:05] [INFO ] [org.hibernate.engine.jdbc.connections.internal.DriverManagerConnectionProviderImpl] [] [HHH000006: Autocommit mode: false]
[2021-09-30 14:35:05] [INFO ] [org.hibernate.engine.jdbc.connections.internal.DriverManagerConnectionProviderImpl] [] [HHH000115: Hibernate connection pool size: 20 (min=1)]
[2021-09-30 14:35:05] [INFO ] [org.hibernate.dialect.Dialect] [] [HHH000400: Using dialect: org.hibernate.dialect.PostgreSQLDialect]
[2021-09-30 14:35:05] [INFO ] [org.hibernate.engine.jdbc.internal.LobCreatorBuilder] [] [HHH000424: Disabling contextual LOB creation as createClob() method threw error : java.lang.reflect.InvocationTargetException]
[2021-09-30 14:40:34] [INFO ] [org.hibernate.annotations.common.Version] [] [HCANN000001: Hibernate Commons Annotations {4.0.4.Final}]
[2021-09-30 14:40:34] [INFO ] [org.hibernate.Version] [] [HHH000412: Hibernate Core {4.3.1.Final}]
[2021-09-30 14:40:34] [INFO ] [org.hibernate.cfg.Environment] [] [HHH000206: hibernate.properties not found]
[2021-09-30 14:40:34] [INFO ] [org.hibernate.cfg.Environment] [] [HHH000021: Bytecode provider name : javassist]
[2021-09-30 14:40:34] [INFO ] [org.hibernate.cfg.Configuration] [] [HHH000043: Configuring from resource: /hibernate.cfg.xml]
[2021-09-30 14:40:34] [INFO ] [org.hibernate.cfg.Configuration] [] [HHH000040: Configuration resource: /hibernate.cfg.xml]
[2021-09-30 14:40:34] [WARN ] [org.hibernate.internal.util.xml.DTDEntityResolver] [] [HHH000223: Recognized obsolete hibernate namespace http://hibernate.sourceforge.net/. Use namespace http://www.hibernate.org/dtd/ instead. Refer to Hibernate 3.6 Migration Guide!]
[2021-09-30 14:40:34] [INFO ] [org.hibernate.cfg.Configuration] [] [HHH000041: Configured SessionFactory: null]
[2021-09-30 14:40:34] [WARN ] [org.hibernate.engine.jdbc.connections.internal.DriverManagerConnectionProviderImpl] [] [HHH000402: Using Hibernate built-in connection pool (not for production use!)]
[2021-09-30 14:40:34] [INFO ] [org.hibernate.engine.jdbc.connections.internal.DriverManagerConnectionProviderImpl] [] [HHH000401: using driver [org.postgresql.Driver] at URL [jdbc:postgresql://localhost:5432/sync]]
[2021-09-30 14:40:34] [INFO ] [org.hibernate.engine.jdbc.connections.internal.DriverManagerConnectionProviderImpl] [] [HHH000046: Connection properties: {user=postgres, password=****}]
[2021-09-30 14:40:34] [INFO ] [org.hibernate.engine.jdbc.connections.internal.DriverManagerConnectionProviderImpl] [] [HHH000006: Autocommit mode: false]
[2021-09-30 14:40:34] [INFO ] [org.hibernate.engine.jdbc.connections.internal.DriverManagerConnectionProviderImpl] [] [HHH000115: Hibernate connection pool size: 20 (min=1)]
[2021-09-30 14:40:35] [INFO ] [org.hibernate.dialect.Dialect] [] [HHH000400: Using dialect: org.hibernate.dialect.PostgreSQLDialect]
[2021-09-30 14:40:35] [INFO ] [org.hibernate.engine.jdbc.internal.LobCreatorBuilder] [] [HHH000424: Disabling contextual LOB creation as createClob() method threw error : java.lang.reflect.InvocationTargetException]
[2021-09-30 14:40:35] [INFO ] [org.hibernate.engine.transaction.internal.TransactionFactoryInitiator] [] [HHH000399: Using default transaction strategy (direct JDBC transactions)]
[2021-09-30 14:40:35] [INFO ] [org.hibernate.hql.internal.ast.ASTQueryTranslatorFactory] [] [HHH000397: Using ASTQueryTranslatorFactory]
