[2021-12-12 21:34:09]/-/[FATAL]/-/[sync.Utils.Application]/-/[A conexão com o banco de dados falhou]
[2021-12-13 00:10:27]/-/[WARN ]/-/[org.hibernate.internal.util.xml.DTDEntityResolver]/-/[HHH000223: Recognized obsolete hibernate namespace http://hibernate.sourceforge.net/. Use namespace http://www.hibernate.org/dtd/ instead. Refer to Hibernate 3.6 Migration Guide!]
[2021-12-13 00:10:27]/-/[WARN ]/-/[org.hibernate.engine.jdbc.connections.internal.DriverManagerConnectionProviderImpl]/-/[HHH000402: Using Hibernate built-in connection pool (not for production use!)]
[2021-12-13 00:12:23]/-/[FATAL]/-/[sync.Utils.Application]/-/[As propriedades do sistema não foram definidas]
[2021-12-13 00:13:01]/-/[WARN ]/-/[org.hibernate.internal.util.xml.DTDEntityResolver]/-/[HHH000223: Recognized obsolete hibernate namespace http://hibernate.sourceforge.net/. Use namespace http://www.hibernate.org/dtd/ instead. Refer to Hibernate 3.6 Migration Guide!]
[2021-12-13 00:13:01]/-/[WARN ]/-/[org.hibernate.engine.jdbc.connections.internal.DriverManagerConnectionProviderImpl]/-/[HHH000402: Using Hibernate built-in connection pool (not for production use!)]
[2021-12-13 00:13:02]/-/[WARN ]/-/[org.hibernate.engine.jdbc.spi.SqlExceptionHelper]/-/[SQL Error: 0, SQLState: 42P01]
[2021-12-13 00:13:02]/-/[ERROR]/-/[org.hibernate.engine.jdbc.spi.SqlExceptionHelper]/-/[ERROR: relation "usuario" does not exist
  Posição: 140]
[2021-12-13 00:14:33]/-/[WARN ]/-/[org.hibernate.internal.util.xml.DTDEntityResolver]/-/[HHH000223: Recognized obsolete hibernate namespace http://hibernate.sourceforge.net/. Use namespace http://www.hibernate.org/dtd/ instead. Refer to Hibernate 3.6 Migration Guide!]
[2021-12-13 00:17:54]/-/[WARN ]/-/[org.hibernate.internal.util.xml.DTDEntityResolver]/-/[HHH000223: Recognized obsolete hibernate namespace http://hibernate.sourceforge.net/. Use namespace http://www.hibernate.org/dtd/ instead. Refer to Hibernate 3.6 Migration Guide!]
[2021-12-13 00:17:55]/-/[WARN ]/-/[org.hibernate.engine.jdbc.connections.internal.DriverManagerConnectionProviderImpl]/-/[HHH000402: Using Hibernate built-in connection pool (not for production use!)]
[2021-12-13 00:17:56]/-/[WARN ]/-/[org.hibernate.engine.jdbc.spi.SqlExceptionHelper]/-/[SQL Error: 0, SQLState: 42P01]
[2021-12-13 00:17:56]/-/[ERROR]/-/[org.hibernate.engine.jdbc.spi.SqlExceptionHelper]/-/[ERROR: relation "usuario" does not exist
  Posição: 140]
[2021-12-13 00:21:21]/-/[WARN ]/-/[org.hibernate.internal.util.xml.DTDEntityResolver]/-/[HHH000223: Recognized obsolete hibernate namespace http://hibernate.sourceforge.net/. Use namespace http://www.hibernate.org/dtd/ instead. Refer to Hibernate 3.6 Migration Guide!]
[2021-12-13 00:21:21]/-/[WARN ]/-/[org.hibernate.engine.jdbc.connections.internal.DriverManagerConnectionProviderImpl]/-/[HHH000402: Using Hibernate built-in connection pool (not for production use!)]
[2021-12-13 00:21:22]/-/[WARN ]/-/[org.hibernate.engine.jdbc.spi.SqlExceptionHelper]/-/[SQL Error: 0, SQLState: 42P01]
[2021-12-13 00:21:22]/-/[ERROR]/-/[org.hibernate.engine.jdbc.spi.SqlExceptionHelper]/-/[ERROR: relation "usuario" does not exist
  Posição: 140]
[2021-12-13 00:26:07]/-/[WARN ]/-/[org.hibernate.internal.util.xml.DTDEntityResolver]/-/[HHH000223: Recognized obsolete hibernate namespace http://hibernate.sourceforge.net/. Use namespace http://www.hibernate.org/dtd/ instead. Refer to Hibernate 3.6 Migration Guide!]
[2021-12-13 00:26:07]/-/[WARN ]/-/[org.hibernate.engine.jdbc.connections.internal.DriverManagerConnectionProviderImpl]/-/[HHH000402: Using Hibernate built-in connection pool (not for production use!)]
[2021-12-13 00:26:09]/-/[WARN ]/-/[org.hibernate.engine.jdbc.spi.SqlExceptionHelper]/-/[SQL Error: 0, SQLState: 42P01]
[2021-12-13 00:26:09]/-/[ERROR]/-/[org.hibernate.engine.jdbc.spi.SqlExceptionHelper]/-/[ERROR: relation "funcao" does not exist
  Posição: 13]
[2021-12-13 00:26:09]/-/[WARN ]/-/[org.hibernate.engine.jdbc.spi.SqlExceptionHelper]/-/[SQL Error: 0, SQLState: 25P02]
[2021-12-13 00:26:09]/-/[ERROR]/-/[org.hibernate.engine.jdbc.spi.SqlExceptionHelper]/-/[ERROR: current transaction is aborted, commands ignored until end of transaction block]
[2021-12-13 00:26:09]/-/[WARN ]/-/[org.hibernate.engine.jdbc.spi.SqlExceptionHelper]/-/[SQL Error: 0, SQLState: 25P02]
[2021-12-13 00:26:09]/-/[ERROR]/-/[org.hibernate.engine.jdbc.spi.SqlExceptionHelper]/-/[ERROR: current transaction is aborted, commands ignored until end of transaction block]
[2021-12-13 00:26:09]/-/[WARN ]/-/[org.hibernate.engine.jdbc.spi.SqlExceptionHelper]/-/[SQL Error: 0, SQLState: 25P02]
[2021-12-13 00:26:09]/-/[ERROR]/-/[org.hibernate.engine.jdbc.spi.SqlExceptionHelper]/-/[ERROR: current transaction is aborted, commands ignored until end of transaction block]
[2021-12-13 00:27:23]/-/[WARN ]/-/[org.hibernate.internal.util.xml.DTDEntityResolver]/-/[HHH000223: Recognized obsolete hibernate namespace http://hibernate.sourceforge.net/. Use namespace http://www.hibernate.org/dtd/ instead. Refer to Hibernate 3.6 Migration Guide!]
[2021-12-13 00:27:23]/-/[WARN ]/-/[org.hibernate.engine.jdbc.connections.internal.DriverManagerConnectionProviderImpl]/-/[HHH000402: Using Hibernate built-in connection pool (not for production use!)]
[2021-12-13 00:27:25]/-/[WARN ]/-/[org.hibernate.engine.jdbc.spi.SqlExceptionHelper]/-/[SQL Error: 0, SQLState: 42P01]
[2021-12-13 00:27:25]/-/[ERROR]/-/[org.hibernate.engine.jdbc.spi.SqlExceptionHelper]/-/[ERROR: relation "funcao" does not exist
  Posição: 13]
[2021-12-13 00:27:25]/-/[WARN ]/-/[org.hibernate.engine.jdbc.spi.SqlExceptionHelper]/-/[SQL Error: 0, SQLState: 25P02]
[2021-12-13 00:27:25]/-/[ERROR]/-/[org.hibernate.engine.jdbc.spi.SqlExceptionHelper]/-/[ERROR: current transaction is aborted, commands ignored until end of transaction block]
[2021-12-13 00:27:25]/-/[WARN ]/-/[org.hibernate.engine.jdbc.spi.SqlExceptionHelper]/-/[SQL Error: 0, SQLState: 25P02]
[2021-12-13 00:27:25]/-/[ERROR]/-/[org.hibernate.engine.jdbc.spi.SqlExceptionHelper]/-/[ERROR: current transaction is aborted, commands ignored until end of transaction block]
[2021-12-13 00:27:25]/-/[WARN ]/-/[org.hibernate.engine.jdbc.spi.SqlExceptionHelper]/-/[SQL Error: 0, SQLState: 25P02]
[2021-12-13 00:27:25]/-/[ERROR]/-/[org.hibernate.engine.jdbc.spi.SqlExceptionHelper]/-/[ERROR: current transaction is aborted, commands ignored until end of transaction block]
[2021-12-13 00:31:40]/-/[WARN ]/-/[org.hibernate.internal.util.xml.DTDEntityResolver]/-/[HHH000223: Recognized obsolete hibernate namespace http://hibernate.sourceforge.net/. Use namespace http://www.hibernate.org/dtd/ instead. Refer to Hibernate 3.6 Migration Guide!]
[2021-12-13 00:31:40]/-/[WARN ]/-/[org.hibernate.engine.jdbc.connections.internal.DriverManagerConnectionProviderImpl]/-/[HHH000402: Using Hibernate built-in connection pool (not for production use!)]
[2021-12-13 00:31:41]/-/[WARN ]/-/[org.hibernate.engine.jdbc.spi.SqlExceptionHelper]/-/[SQL Error: 0, SQLState: 42P01]
[2021-12-13 00:31:41]/-/[ERROR]/-/[org.hibernate.engine.jdbc.spi.SqlExceptionHelper]/-/[ERROR: relation "usuario" does not exist
  Posição: 140]
[2021-12-13 00:32:03]/-/[WARN ]/-/[org.hibernate.internal.util.xml.DTDEntityResolver]/-/[HHH000223: Recognized obsolete hibernate namespace http://hibernate.sourceforge.net/. Use namespace http://www.hibernate.org/dtd/ instead. Refer to Hibernate 3.6 Migration Guide!]
[2021-12-13 00:32:03]/-/[WARN ]/-/[org.hibernate.engine.jdbc.connections.internal.DriverManagerConnectionProviderImpl]/-/[HHH000402: Using Hibernate built-in connection pool (not for production use!)]
[2021-12-13 00:32:04]/-/[WARN ]/-/[org.hibernate.engine.jdbc.spi.SqlExceptionHelper]/-/[SQL Error: 0, SQLState: 42P01]
[2021-12-13 00:32:04]/-/[ERROR]/-/[org.hibernate.engine.jdbc.spi.SqlExceptionHelper]/-/[ERROR: relation "usuario" does not exist
  Posição: 140]
[2021-12-13 00:35:28]/-/[WARN ]/-/[org.hibernate.internal.util.xml.DTDEntityResolver]/-/[HHH000223: Recognized obsolete hibernate namespace http://hibernate.sourceforge.net/. Use namespace http://www.hibernate.org/dtd/ instead. Refer to Hibernate 3.6 Migration Guide!]
[2021-12-13 00:35:28]/-/[WARN ]/-/[org.hibernate.engine.jdbc.connections.internal.DriverManagerConnectionProviderImpl]/-/[HHH000402: Using Hibernate built-in connection pool (not for production use!)]
[2021-12-13 00:41:12]/-/[WARN ]/-/[org.hibernate.internal.util.xml.DTDEntityResolver]/-/[HHH000223: Recognized obsolete hibernate namespace http://hibernate.sourceforge.net/. Use namespace http://www.hibernate.org/dtd/ instead. Refer to Hibernate 3.6 Migration Guide!]
[2021-12-13 00:41:12]/-/[WARN ]/-/[org.hibernate.engine.jdbc.connections.internal.DriverManagerConnectionProviderImpl]/-/[HHH000402: Using Hibernate built-in connection pool (not for production use!)]
