[2021-12-09 22:10:43]/-/[WARN ]/-/[org.hibernate.internal.util.xml.DTDEntityResolver]/-/[HHH000223: Recognized obsolete hibernate namespace http://hibernate.sourceforge.net/. Use namespace http://www.hibernate.org/dtd/ instead. Refer to Hibernate 3.6 Migration Guide!]
[2021-12-09 22:10:43]/-/[WARN ]/-/[org.hibernate.engine.jdbc.connections.internal.DriverManagerConnectionProviderImpl]/-/[HHH000402: Using Hibernate built-in connection pool (not for production use!)]
[2021-12-09 22:10:50]/-/[ERROR]/-/[sync.Persistence.LogsDao]/-/[\logs\logging.log]
[2021-12-09 22:10:50]/-/[ERROR]/-/[sync.View.TelaMenu]/-/[]
[2021-12-09 22:11:26]/-/[WARN ]/-/[org.hibernate.internal.util.xml.DTDEntityResolver]/-/[HHH000223: Recognized obsolete hibernate namespace http://hibernate.sourceforge.net/. Use namespace http://www.hibernate.org/dtd/ instead. Refer to Hibernate 3.6 Migration Guide!]
[2021-12-09 22:11:26]/-/[WARN ]/-/[org.hibernate.engine.jdbc.connections.internal.DriverManagerConnectionProviderImpl]/-/[HHH000402: Using Hibernate built-in connection pool (not for production use!)]
[2021-12-09 22:12:25]/-/[WARN ]/-/[org.hibernate.internal.util.xml.DTDEntityResolver]/-/[HHH000223: Recognized obsolete hibernate namespace http://hibernate.sourceforge.net/. Use namespace http://www.hibernate.org/dtd/ instead. Refer to Hibernate 3.6 Migration Guide!]
[2021-12-09 22:12:25]/-/[WARN ]/-/[org.hibernate.engine.jdbc.connections.internal.DriverManagerConnectionProviderImpl]/-/[HHH000402: Using Hibernate built-in connection pool (not for production use!)]
[2021-12-09 22:14:57]/-/[WARN ]/-/[org.hibernate.internal.util.xml.DTDEntityResolver]/-/[HHH000223: Recognized obsolete hibernate namespace http://hibernate.sourceforge.net/. Use namespace http://www.hibernate.org/dtd/ instead. Refer to Hibernate 3.6 Migration Guide!]
[2021-12-09 22:14:57]/-/[WARN ]/-/[org.hibernate.engine.jdbc.connections.internal.DriverManagerConnectionProviderImpl]/-/[HHH000402: Using Hibernate built-in connection pool (not for production use!)]
[2021-12-09 22:15:04]/-/[ERROR]/-/[sync.View.TelaInformacoes]/-/[\src\sync\Assets\grafico101.png (O sistema não pode encontrar o caminho especificado)]
[2021-12-09 22:15:31]/-/[WARN ]/-/[org.hibernate.internal.util.xml.DTDEntityResolver]/-/[HHH000223: Recognized obsolete hibernate namespace http://hibernate.sourceforge.net/. Use namespace http://www.hibernate.org/dtd/ instead. Refer to Hibernate 3.6 Migration Guide!]
[2021-12-09 22:15:31]/-/[WARN ]/-/[org.hibernate.engine.jdbc.connections.internal.DriverManagerConnectionProviderImpl]/-/[HHH000402: Using Hibernate built-in connection pool (not for production use!)]
[2021-12-09 22:15:38]/-/[ERROR]/-/[sync.View.TelaInformacoes]/-/[..\sync\Assets\grafico101.png (O sistema não pode encontrar o caminho especificado)]
[2021-12-09 22:15:53]/-/[WARN ]/-/[org.hibernate.internal.util.xml.DTDEntityResolver]/-/[HHH000223: Recognized obsolete hibernate namespace http://hibernate.sourceforge.net/. Use namespace http://www.hibernate.org/dtd/ instead. Refer to Hibernate 3.6 Migration Guide!]
[2021-12-09 22:15:53]/-/[WARN ]/-/[org.hibernate.engine.jdbc.connections.internal.DriverManagerConnectionProviderImpl]/-/[HHH000402: Using Hibernate built-in connection pool (not for production use!)]
[2021-12-09 22:16:01]/-/[ERROR]/-/[sync.View.TelaInformacoes]/-/[..\Assets\grafico101.png (O sistema não pode encontrar o caminho especificado)]
[2021-12-09 22:16:06]/-/[ERROR]/-/[sync.View.TelaInformacoes]/-/[..\Assets\grafico101.png (O sistema não pode encontrar o caminho especificado)]
[2021-12-09 22:19:53]/-/[WARN ]/-/[org.hibernate.internal.util.xml.DTDEntityResolver]/-/[HHH000223: Recognized obsolete hibernate namespace http://hibernate.sourceforge.net/. Use namespace http://www.hibernate.org/dtd/ instead. Refer to Hibernate 3.6 Migration Guide!]
[2021-12-09 22:19:53]/-/[WARN ]/-/[org.hibernate.engine.jdbc.connections.internal.DriverManagerConnectionProviderImpl]/-/[HHH000402: Using Hibernate built-in connection pool (not for production use!)]
[2021-12-09 22:20:02]/-/[ERROR]/-/[sync.View.TelaInformacoes]/-/[..\Assets\grafico101 (O sistema não pode encontrar o caminho especificado)]
[2021-12-09 22:20:28]/-/[WARN ]/-/[org.hibernate.internal.util.xml.DTDEntityResolver]/-/[HHH000223: Recognized obsolete hibernate namespace http://hibernate.sourceforge.net/. Use namespace http://www.hibernate.org/dtd/ instead. Refer to Hibernate 3.6 Migration Guide!]
[2021-12-09 22:20:28]/-/[WARN ]/-/[org.hibernate.engine.jdbc.connections.internal.DriverManagerConnectionProviderImpl]/-/[HHH000402: Using Hibernate built-in connection pool (not for production use!)]
[2021-12-09 22:22:32]/-/[WARN ]/-/[org.hibernate.internal.util.xml.DTDEntityResolver]/-/[HHH000223: Recognized obsolete hibernate namespace http://hibernate.sourceforge.net/. Use namespace http://www.hibernate.org/dtd/ instead. Refer to Hibernate 3.6 Migration Guide!]
[2021-12-09 22:22:32]/-/[WARN ]/-/[org.hibernate.engine.jdbc.connections.internal.DriverManagerConnectionProviderImpl]/-/[HHH000402: Using Hibernate built-in connection pool (not for production use!)]
[2021-12-09 22:22:40]/-/[ERROR]/-/[sync.View.TelaInformacoes]/-/[sync\Assets\grafico31.png (O sistema não pode encontrar o caminho especificado)]
[2021-12-09 22:23:59]/-/[FATAL]/-/[Utils.Application]/-/[Processo de autenticação cancelado]
[2021-12-09 22:27:18]/-/[WARN ]/-/[org.hibernate.internal.util.xml.DTDEntityResolver]/-/[HHH000223: Recognized obsolete hibernate namespace http://hibernate.sourceforge.net/. Use namespace http://www.hibernate.org/dtd/ instead. Refer to Hibernate 3.6 Migration Guide!]
[2021-12-09 22:27:18]/-/[WARN ]/-/[org.hibernate.engine.jdbc.connections.internal.DriverManagerConnectionProviderImpl]/-/[HHH000402: Using Hibernate built-in connection pool (not for production use!)]
[2021-12-09 22:27:26]/-/[ERROR]/-/[sync.View.TelaInformacoes]/-/[Assets\grafico32.png (O sistema não pode encontrar o caminho especificado)]
[2021-12-09 22:27:39]/-/[WARN ]/-/[org.hibernate.internal.util.xml.DTDEntityResolver]/-/[HHH000223: Recognized obsolete hibernate namespace http://hibernate.sourceforge.net/. Use namespace http://www.hibernate.org/dtd/ instead. Refer to Hibernate 3.6 Migration Guide!]
[2021-12-09 22:27:39]/-/[WARN ]/-/[org.hibernate.engine.jdbc.connections.internal.DriverManagerConnectionProviderImpl]/-/[HHH000402: Using Hibernate built-in connection pool (not for production use!)]
[2021-12-09 22:27:50]/-/[ERROR]/-/[sync.View.TelaInformacoes]/-/[\Assetsgrafico31.png (Acesso negado)]
[2021-12-09 22:28:10]/-/[WARN ]/-/[org.hibernate.internal.util.xml.DTDEntityResolver]/-/[HHH000223: Recognized obsolete hibernate namespace http://hibernate.sourceforge.net/. Use namespace http://www.hibernate.org/dtd/ instead. Refer to Hibernate 3.6 Migration Guide!]
[2021-12-09 22:28:10]/-/[WARN ]/-/[org.hibernate.engine.jdbc.connections.internal.DriverManagerConnectionProviderImpl]/-/[HHH000402: Using Hibernate built-in connection pool (not for production use!)]
[2021-12-09 22:28:18]/-/[ERROR]/-/[sync.View.TelaInformacoes]/-/[\Assets\grafico101.png (O sistema não pode encontrar o caminho especificado)]
[2021-12-09 22:28:34]/-/[WARN ]/-/[org.hibernate.internal.util.xml.DTDEntityResolver]/-/[HHH000223: Recognized obsolete hibernate namespace http://hibernate.sourceforge.net/. Use namespace http://www.hibernate.org/dtd/ instead. Refer to Hibernate 3.6 Migration Guide!]
[2021-12-09 22:28:34]/-/[WARN ]/-/[org.hibernate.engine.jdbc.connections.internal.DriverManagerConnectionProviderImpl]/-/[HHH000402: Using Hibernate built-in connection pool (not for production use!)]
[2021-12-09 22:28:41]/-/[ERROR]/-/[sync.View.TelaInformacoes]/-/[Assets\grafico31.png (O sistema não pode encontrar o caminho especificado)]
[2021-12-09 22:29:05]/-/[WARN ]/-/[org.hibernate.internal.util.xml.DTDEntityResolver]/-/[HHH000223: Recognized obsolete hibernate namespace http://hibernate.sourceforge.net/. Use namespace http://www.hibernate.org/dtd/ instead. Refer to Hibernate 3.6 Migration Guide!]
[2021-12-09 22:29:05]/-/[WARN ]/-/[org.hibernate.engine.jdbc.connections.internal.DriverManagerConnectionProviderImpl]/-/[HHH000402: Using Hibernate built-in connection pool (not for production use!)]
[2021-12-09 22:29:13]/-/[ERROR]/-/[sync.View.TelaInformacoes]/-/[..\Assets\grafico31.png (O sistema não pode encontrar o caminho especificado)]
[2021-12-09 22:29:32]/-/[WARN ]/-/[org.hibernate.internal.util.xml.DTDEntityResolver]/-/[HHH000223: Recognized obsolete hibernate namespace http://hibernate.sourceforge.net/. Use namespace http://www.hibernate.org/dtd/ instead. Refer to Hibernate 3.6 Migration Guide!]
[2021-12-09 22:29:33]/-/[WARN ]/-/[org.hibernate.engine.jdbc.connections.internal.DriverManagerConnectionProviderImpl]/-/[HHH000402: Using Hibernate built-in connection pool (not for production use!)]
[2021-12-09 22:29:40]/-/[ERROR]/-/[sync.View.TelaInformacoes]/-/[..\Assets\grafico31.png (O sistema não pode encontrar o caminho especificado)]
[2021-12-09 22:29:56]/-/[WARN ]/-/[org.hibernate.internal.util.xml.DTDEntityResolver]/-/[HHH000223: Recognized obsolete hibernate namespace http://hibernate.sourceforge.net/. Use namespace http://www.hibernate.org/dtd/ instead. Refer to Hibernate 3.6 Migration Guide!]
[2021-12-09 22:29:57]/-/[WARN ]/-/[org.hibernate.engine.jdbc.connections.internal.DriverManagerConnectionProviderImpl]/-/[HHH000402: Using Hibernate built-in connection pool (not for production use!)]
[2021-12-09 22:30:04]/-/[ERROR]/-/[sync.View.TelaInformacoes]/-/[Assets\grafico101.png (O sistema não pode encontrar o caminho especificado)]
[2021-12-09 22:30:35]/-/[WARN ]/-/[org.hibernate.internal.util.xml.DTDEntityResolver]/-/[HHH000223: Recognized obsolete hibernate namespace http://hibernate.sourceforge.net/. Use namespace http://www.hibernate.org/dtd/ instead. Refer to Hibernate 3.6 Migration Guide!]
[2021-12-09 22:30:36]/-/[WARN ]/-/[org.hibernate.engine.jdbc.connections.internal.DriverManagerConnectionProviderImpl]/-/[HHH000402: Using Hibernate built-in connection pool (not for production use!)]
[2021-12-09 22:30:46]/-/[ERROR]/-/[sync.View.TelaInformacoes]/-/[\sAssets\grafico101.png (O sistema não pode encontrar o caminho especificado)]
[2021-12-09 22:31:00]/-/[WARN ]/-/[org.hibernate.internal.util.xml.DTDEntityResolver]/-/[HHH000223: Recognized obsolete hibernate namespace http://hibernate.sourceforge.net/. Use namespace http://www.hibernate.org/dtd/ instead. Refer to Hibernate 3.6 Migration Guide!]
[2021-12-09 22:31:00]/-/[WARN ]/-/[org.hibernate.engine.jdbc.connections.internal.DriverManagerConnectionProviderImpl]/-/[HHH000402: Using Hibernate built-in connection pool (not for production use!)]
[2021-12-09 22:31:09]/-/[ERROR]/-/[sync.View.TelaInformacoes]/-/[\Assets\grafico101.png (O sistema não pode encontrar o caminho especificado)]
[2021-12-09 22:31:54]/-/[WARN ]/-/[org.hibernate.internal.util.xml.DTDEntityResolver]/-/[HHH000223: Recognized obsolete hibernate namespace http://hibernate.sourceforge.net/. Use namespace http://www.hibernate.org/dtd/ instead. Refer to Hibernate 3.6 Migration Guide!]
[2021-12-09 22:31:54]/-/[WARN ]/-/[org.hibernate.engine.jdbc.connections.internal.DriverManagerConnectionProviderImpl]/-/[HHH000402: Using Hibernate built-in connection pool (not for production use!)]
[2021-12-09 22:32:02]/-/[ERROR]/-/[sync.View.TelaInformacoes]/-/[sync\Assets\grafico101.png (O sistema não pode encontrar o caminho especificado)]
[2021-12-09 22:32:20]/-/[WARN ]/-/[org.hibernate.internal.util.xml.DTDEntityResolver]/-/[HHH000223: Recognized obsolete hibernate namespace http://hibernate.sourceforge.net/. Use namespace http://www.hibernate.org/dtd/ instead. Refer to Hibernate 3.6 Migration Guide!]
[2021-12-09 22:32:20]/-/[WARN ]/-/[org.hibernate.engine.jdbc.connections.internal.DriverManagerConnectionProviderImpl]/-/[HHH000402: Using Hibernate built-in connection pool (not for production use!)]
[2021-12-09 22:32:29]/-/[ERROR]/-/[sync.View.TelaInformacoes]/-/[.\sync\Assets\grafico101.png (O sistema não pode encontrar o caminho especificado)]
[2021-12-09 22:34:19]/-/[WARN ]/-/[org.hibernate.internal.util.xml.DTDEntityResolver]/-/[HHH000223: Recognized obsolete hibernate namespace http://hibernate.sourceforge.net/. Use namespace http://www.hibernate.org/dtd/ instead. Refer to Hibernate 3.6 Migration Guide!]
[2021-12-09 22:34:19]/-/[WARN ]/-/[org.hibernate.engine.jdbc.connections.internal.DriverManagerConnectionProviderImpl]/-/[HHH000402: Using Hibernate built-in connection pool (not for production use!)]
[2021-12-09 22:34:27]/-/[ERROR]/-/[sync.View.TelaInformacoes]/-/[Assets\grafico32.png (O sistema não pode encontrar o caminho especificado)]
[2021-12-09 22:34:40]/-/[WARN ]/-/[org.hibernate.internal.util.xml.DTDEntityResolver]/-/[HHH000223: Recognized obsolete hibernate namespace http://hibernate.sourceforge.net/. Use namespace http://www.hibernate.org/dtd/ instead. Refer to Hibernate 3.6 Migration Guide!]
[2021-12-09 22:34:40]/-/[WARN ]/-/[org.hibernate.engine.jdbc.connections.internal.DriverManagerConnectionProviderImpl]/-/[HHH000402: Using Hibernate built-in connection pool (not for production use!)]
[2021-12-09 22:34:48]/-/[ERROR]/-/[sync.View.TelaInformacoes]/-/[.\sync\Assets\grafico101.png (O sistema não pode encontrar o caminho especificado)]
[2021-12-09 22:35:19]/-/[WARN ]/-/[org.hibernate.internal.util.xml.DTDEntityResolver]/-/[HHH000223: Recognized obsolete hibernate namespace http://hibernate.sourceforge.net/. Use namespace http://www.hibernate.org/dtd/ instead. Refer to Hibernate 3.6 Migration Guide!]
[2021-12-09 22:35:19]/-/[WARN ]/-/[org.hibernate.engine.jdbc.connections.internal.DriverManagerConnectionProviderImpl]/-/[HHH000402: Using Hibernate built-in connection pool (not for production use!)]
[2021-12-09 22:35:27]/-/[ERROR]/-/[sync.View.TelaMenu]/-/[Assets\grafico102.png (O sistema não pode encontrar o caminho especificado)]
[2021-12-09 22:39:42]/-/[WARN ]/-/[org.hibernate.internal.util.xml.DTDEntityResolver]/-/[HHH000223: Recognized obsolete hibernate namespace http://hibernate.sourceforge.net/. Use namespace http://www.hibernate.org/dtd/ instead. Refer to Hibernate 3.6 Migration Guide!]
[2021-12-09 22:39:42]/-/[WARN ]/-/[org.hibernate.engine.jdbc.connections.internal.DriverManagerConnectionProviderImpl]/-/[HHH000402: Using Hibernate built-in connection pool (not for production use!)]
[2021-12-09 22:39:47]/-/[FATAL]/-/[Utils.Application]/-/[Processo de autenticação cancelado]
[2021-12-09 22:44:15]/-/[WARN ]/-/[org.hibernate.internal.util.xml.DTDEntityResolver]/-/[HHH000223: Recognized obsolete hibernate namespace http://hibernate.sourceforge.net/. Use namespace http://www.hibernate.org/dtd/ instead. Refer to Hibernate 3.6 Migration Guide!]
[2021-12-09 22:44:15]/-/[WARN ]/-/[org.hibernate.engine.jdbc.connections.internal.DriverManagerConnectionProviderImpl]/-/[HHH000402: Using Hibernate built-in connection pool (not for production use!)]
[2021-12-09 22:44:24]/-/[ERROR]/-/[sync.View.TelaInformacoes]/-/[..\Assets\grafico101.png (O sistema não pode encontrar o caminho especificado)]
[2021-12-09 22:44:36]/-/[WARN ]/-/[org.hibernate.internal.util.xml.DTDEntityResolver]/-/[HHH000223: Recognized obsolete hibernate namespace http://hibernate.sourceforge.net/. Use namespace http://www.hibernate.org/dtd/ instead. Refer to Hibernate 3.6 Migration Guide!]
[2021-12-09 22:44:36]/-/[WARN ]/-/[org.hibernate.engine.jdbc.connections.internal.DriverManagerConnectionProviderImpl]/-/[HHH000402: Using Hibernate built-in connection pool (not for production use!)]
[2021-12-09 22:44:43]/-/[ERROR]/-/[sync.View.TelaInformacoes]/-/[\..\Assets\grafico101.png (O sistema não pode encontrar o caminho especificado)]
[2021-12-09 22:45:01]/-/[WARN ]/-/[org.hibernate.internal.util.xml.DTDEntityResolver]/-/[HHH000223: Recognized obsolete hibernate namespace http://hibernate.sourceforge.net/. Use namespace http://www.hibernate.org/dtd/ instead. Refer to Hibernate 3.6 Migration Guide!]
[2021-12-09 22:45:01]/-/[WARN ]/-/[org.hibernate.engine.jdbc.connections.internal.DriverManagerConnectionProviderImpl]/-/[HHH000402: Using Hibernate built-in connection pool (not for production use!)]
[2021-12-09 22:45:08]/-/[ERROR]/-/[sync.View.TelaInformacoes]/-/[\..\Assets\grafico101.png (O sistema não pode encontrar o caminho especificado)]
[2021-12-09 22:45:20]/-/[WARN ]/-/[org.hibernate.internal.util.xml.DTDEntityResolver]/-/[HHH000223: Recognized obsolete hibernate namespace http://hibernate.sourceforge.net/. Use namespace http://www.hibernate.org/dtd/ instead. Refer to Hibernate 3.6 Migration Guide!]
[2021-12-09 22:45:20]/-/[WARN ]/-/[org.hibernate.engine.jdbc.connections.internal.DriverManagerConnectionProviderImpl]/-/[HHH000402: Using Hibernate built-in connection pool (not for production use!)]
[2021-12-09 22:45:27]/-/[ERROR]/-/[sync.View.TelaInformacoes]/-/[..\Assets\grafico101.png (O sistema não pode encontrar o caminho especificado)]
[2021-12-09 22:45:42]/-/[WARN ]/-/[org.hibernate.internal.util.xml.DTDEntityResolver]/-/[HHH000223: Recognized obsolete hibernate namespace http://hibernate.sourceforge.net/. Use namespace http://www.hibernate.org/dtd/ instead. Refer to Hibernate 3.6 Migration Guide!]
[2021-12-09 22:45:42]/-/[WARN ]/-/[org.hibernate.engine.jdbc.connections.internal.DriverManagerConnectionProviderImpl]/-/[HHH000402: Using Hibernate built-in connection pool (not for production use!)]
[2021-12-09 22:45:50]/-/[ERROR]/-/[sync.View.TelaInformacoes]/-/[Assets\grafico102.png (O sistema não pode encontrar o caminho especificado)]
[2021-12-09 22:46:16]/-/[WARN ]/-/[org.hibernate.internal.util.xml.DTDEntityResolver]/-/[HHH000223: Recognized obsolete hibernate namespace http://hibernate.sourceforge.net/. Use namespace http://www.hibernate.org/dtd/ instead. Refer to Hibernate 3.6 Migration Guide!]
[2021-12-09 22:46:17]/-/[WARN ]/-/[org.hibernate.engine.jdbc.connections.internal.DriverManagerConnectionProviderImpl]/-/[HHH000402: Using Hibernate built-in connection pool (not for production use!)]
[2021-12-09 22:46:26]/-/[ERROR]/-/[sync.View.TelaInformacoes]/-/[Assets\grafico102.png (O sistema não pode encontrar o caminho especificado)]
[2021-12-09 22:46:40]/-/[WARN ]/-/[org.hibernate.internal.util.xml.DTDEntityResolver]/-/[HHH000223: Recognized obsolete hibernate namespace http://hibernate.sourceforge.net/. Use namespace http://www.hibernate.org/dtd/ instead. Refer to Hibernate 3.6 Migration Guide!]
[2021-12-09 22:46:40]/-/[WARN ]/-/[org.hibernate.engine.jdbc.connections.internal.DriverManagerConnectionProviderImpl]/-/[HHH000402: Using Hibernate built-in connection pool (not for production use!)]
[2021-12-09 22:46:49]/-/[ERROR]/-/[sync.View.TelaInformacoes]/-/[Assets\grafico102.png (O sistema não pode encontrar o caminho especificado)]
[2021-12-09 22:47:26]/-/[WARN ]/-/[org.hibernate.internal.util.xml.DTDEntityResolver]/-/[HHH000223: Recognized obsolete hibernate namespace http://hibernate.sourceforge.net/. Use namespace http://www.hibernate.org/dtd/ instead. Refer to Hibernate 3.6 Migration Guide!]
[2021-12-09 22:47:26]/-/[WARN ]/-/[org.hibernate.engine.jdbc.connections.internal.DriverManagerConnectionProviderImpl]/-/[HHH000402: Using Hibernate built-in connection pool (not for production use!)]
[2021-12-09 22:47:34]/-/[ERROR]/-/[sync.View.TelaInformacoes]/-/[..\..\Assets\grafico101.png (O sistema não pode encontrar o caminho especificado)]
[2021-12-09 22:47:48]/-/[WARN ]/-/[org.hibernate.internal.util.xml.DTDEntityResolver]/-/[HHH000223: Recognized obsolete hibernate namespace http://hibernate.sourceforge.net/. Use namespace http://www.hibernate.org/dtd/ instead. Refer to Hibernate 3.6 Migration Guide!]
[2021-12-09 22:47:48]/-/[WARN ]/-/[org.hibernate.engine.jdbc.connections.internal.DriverManagerConnectionProviderImpl]/-/[HHH000402: Using Hibernate built-in connection pool (not for production use!)]
[2021-12-09 22:48:04]/-/[ERROR]/-/[sync.View.TelaInformacoes]/-/[..\..\..\grafico101.png (Acesso negado)]
[2021-12-09 22:48:27]/-/[WARN ]/-/[org.hibernate.internal.util.xml.DTDEntityResolver]/-/[HHH000223: Recognized obsolete hibernate namespace http://hibernate.sourceforge.net/. Use namespace http://www.hibernate.org/dtd/ instead. Refer to Hibernate 3.6 Migration Guide!]
[2021-12-09 22:48:27]/-/[WARN ]/-/[org.hibernate.engine.jdbc.connections.internal.DriverManagerConnectionProviderImpl]/-/[HHH000402: Using Hibernate built-in connection pool (not for production use!)]
[2021-12-09 22:48:35]/-/[ERROR]/-/[sync.View.TelaInformacoes]/-/[Assets\grafico102.png (O sistema não pode encontrar o caminho especificado)]
[2021-12-09 22:50:15]/-/[WARN ]/-/[org.hibernate.internal.util.xml.DTDEntityResolver]/-/[HHH000223: Recognized obsolete hibernate namespace http://hibernate.sourceforge.net/. Use namespace http://www.hibernate.org/dtd/ instead. Refer to Hibernate 3.6 Migration Guide!]
[2021-12-09 22:50:15]/-/[WARN ]/-/[org.hibernate.engine.jdbc.connections.internal.DriverManagerConnectionProviderImpl]/-/[HHH000402: Using Hibernate built-in connection pool (not for production use!)]
[2021-12-09 22:50:43]/-/[WARN ]/-/[org.hibernate.internal.util.xml.DTDEntityResolver]/-/[HHH000223: Recognized obsolete hibernate namespace http://hibernate.sourceforge.net/. Use namespace http://www.hibernate.org/dtd/ instead. Refer to Hibernate 3.6 Migration Guide!]
[2021-12-09 22:50:43]/-/[WARN ]/-/[org.hibernate.engine.jdbc.connections.internal.DriverManagerConnectionProviderImpl]/-/[HHH000402: Using Hibernate built-in connection pool (not for production use!)]
[2021-12-09 22:52:47]/-/[WARN ]/-/[org.hibernate.internal.util.xml.DTDEntityResolver]/-/[HHH000223: Recognized obsolete hibernate namespace http://hibernate.sourceforge.net/. Use namespace http://www.hibernate.org/dtd/ instead. Refer to Hibernate 3.6 Migration Guide!]
[2021-12-09 22:52:47]/-/[WARN ]/-/[org.hibernate.engine.jdbc.connections.internal.DriverManagerConnectionProviderImpl]/-/[HHH000402: Using Hibernate built-in connection pool (not for production use!)]
[2021-12-09 22:55:41]/-/[WARN ]/-/[org.hibernate.internal.util.xml.DTDEntityResolver]/-/[HHH000223: Recognized obsolete hibernate namespace http://hibernate.sourceforge.net/. Use namespace http://www.hibernate.org/dtd/ instead. Refer to Hibernate 3.6 Migration Guide!]
[2021-12-09 22:55:41]/-/[WARN ]/-/[org.hibernate.engine.jdbc.connections.internal.DriverManagerConnectionProviderImpl]/-/[HHH000402: Using Hibernate built-in connection pool (not for production use!)]
[2021-12-09 22:56:57]/-/[WARN ]/-/[org.hibernate.internal.util.xml.DTDEntityResolver]/-/[HHH000223: Recognized obsolete hibernate namespace http://hibernate.sourceforge.net/. Use namespace http://www.hibernate.org/dtd/ instead. Refer to Hibernate 3.6 Migration Guide!]
[2021-12-09 22:56:57]/-/[WARN ]/-/[org.hibernate.engine.jdbc.connections.internal.DriverManagerConnectionProviderImpl]/-/[HHH000402: Using Hibernate built-in connection pool (not for production use!)]
[2021-12-09 23:53:49]/-/[WARN ]/-/[org.hibernate.internal.util.xml.DTDEntityResolver]/-/[HHH000223: Recognized obsolete hibernate namespace http://hibernate.sourceforge.net/. Use namespace http://www.hibernate.org/dtd/ instead. Refer to Hibernate 3.6 Migration Guide!]
[2021-12-09 23:53:49]/-/[WARN ]/-/[org.hibernate.engine.jdbc.connections.internal.DriverManagerConnectionProviderImpl]/-/[HHH000402: Using Hibernate built-in connection pool (not for production use!)]
[2021-12-09 23:55:55]/-/[WARN ]/-/[org.hibernate.internal.util.xml.DTDEntityResolver]/-/[HHH000223: Recognized obsolete hibernate namespace http://hibernate.sourceforge.net/. Use namespace http://www.hibernate.org/dtd/ instead. Refer to Hibernate 3.6 Migration Guide!]
[2021-12-09 23:55:55]/-/[WARN ]/-/[org.hibernate.engine.jdbc.connections.internal.DriverManagerConnectionProviderImpl]/-/[HHH000402: Using Hibernate built-in connection pool (not for production use!)]
[2021-12-09 23:57:00]/-/[WARN ]/-/[org.hibernate.internal.util.xml.DTDEntityResolver]/-/[HHH000223: Recognized obsolete hibernate namespace http://hibernate.sourceforge.net/. Use namespace http://www.hibernate.org/dtd/ instead. Refer to Hibernate 3.6 Migration Guide!]
[2021-12-09 23:57:00]/-/[WARN ]/-/[org.hibernate.engine.jdbc.connections.internal.DriverManagerConnectionProviderImpl]/-/[HHH000402: Using Hibernate built-in connection pool (not for production use!)]
